<?xml version="1.0" encoding="UTF-8"?>
<robot generator="Robot 6.0.2 (Python 3.9.10 on win32)" generated="20230216 14:19:32.664" rpa="false" schemaversion="3">
<suite id="s1" name="Main" source="C:\Users\Golden boy\OneDrive - H3 Campus\Bureau\my_own_robot\Projet robot 2\Tests\main.robot">
<kw name="Begin Web Test" library="common" type="SETUP">
<kw name="Open Browser" library="SeleniumLibrary">
<arg>about:blank</arg>
<arg>${navi}</arg>
<doc>Opens a new browser instance to the optional ``url``.</doc>
<msg timestamp="20230216 14:19:32.935" level="INFO">Opening browser 'chrome' to base url 'about:blank'.</msg>
<status status="PASS" starttime="20230216 14:19:32.934" endtime="20230216 14:19:36.251"/>
</kw>
<kw name="Maximize Browser Window" library="SeleniumLibrary">
<doc>Maximizes current browser window.</doc>
<status status="PASS" starttime="20230216 14:19:36.251" endtime="20230216 14:19:36.372"/>
</kw>
<status status="PASS" starttime="20230216 14:19:32.933" endtime="20230216 14:19:36.373"/>
</kw>
<test id="s1-t1" name="Voir produit disponible" line="13">
<kw name="Charger google" library="PageAcceuil">
<kw name="Go To" library="SeleniumLibrary">
<arg>${uri}</arg>
<doc>Navigates the current browser window to the provided ``url``.</doc>
<msg timestamp="20230216 14:19:36.375" level="INFO">Opening url 'https://www.google.com/'</msg>
<status status="PASS" starttime="20230216 14:19:36.375" endtime="20230216 14:19:38.566"/>
</kw>
<kw name="Click Element" library="SeleniumLibrary">
<arg>//*[@id="L2AGLb"]</arg>
<doc>Click the element identified by ``locator``.</doc>
<msg timestamp="20230216 14:19:38.568" level="INFO">Clicking element '//*[@id="L2AGLb"]'.</msg>
<status status="PASS" starttime="20230216 14:19:38.567" endtime="20230216 14:19:38.631"/>
</kw>
<kw name="Wait Until Page Contains" library="SeleniumLibrary">
<arg>Google</arg>
<doc>Waits until ``text`` appears on the current page.</doc>
<status status="PASS" starttime="20230216 14:19:38.631" endtime="20230216 14:19:38.644"/>
</kw>
<status status="PASS" starttime="20230216 14:19:36.374" endtime="20230216 14:19:38.644"/>
</kw>
<kw name="Chercher le site amazone" library="PageAcceuil">
<kw name="Clear Element Text" library="SeleniumLibrary">
<arg>xpath=/html/body/div[1]/div[3]/form/div[1]/div[1]/div[1]/div/div[2]/input</arg>
<doc>Clears the value of the text-input-element identified by ``locator``.</doc>
<status status="PASS" starttime="20230216 14:19:38.645" endtime="20230216 14:19:38.692"/>
</kw>
<kw name="Input Text" library="SeleniumLibrary">
<arg>xpath=/html/body/div[1]/div[3]/form/div[1]/div[1]/div[1]/div/div[2]/input</arg>
<arg>amazon</arg>
<doc>Types the given ``text`` into the text field identified by ``locator``.</doc>
<msg timestamp="20230216 14:19:38.692" level="INFO">Typing text 'amazon' into text field 'xpath=/html/body/div[1]/div[3]/form/div[1]/div[1]/div[1]/div/div[2]/input'.</msg>
<status status="PASS" starttime="20230216 14:19:38.692" endtime="20230216 14:19:38.943"/>
</kw>
<kw name="Click Element" library="SeleniumLibrary">
<arg>class=gNO89b</arg>
<doc>Click the element identified by ``locator``.</doc>
<msg timestamp="20230216 14:19:38.944" level="INFO">Clicking element 'class=gNO89b'.</msg>
<status status="PASS" starttime="20230216 14:19:38.943" endtime="20230216 14:19:40.341"/>
</kw>
<kw name="Wait Until Page Contains" library="SeleniumLibrary">
<arg>Images</arg>
<doc>Waits until ``text`` appears on the current page.</doc>
<status status="PASS" starttime="20230216 14:19:40.341" endtime="20230216 14:19:40.359"/>
</kw>
<status status="PASS" starttime="20230216 14:19:38.644" endtime="20230216 14:19:40.359"/>
</kw>
<kw name="Naviger vers le site amazon" library="PageAcceuil">
<kw name="Click Element" library="SeleniumLibrary">
<arg>xpath=//*[@id="tads"]/div/div/div/div/div[1]/a/div[1]</arg>
<doc>Click the element identified by ``locator``.</doc>
<msg timestamp="20230216 14:19:40.361" level="INFO">Clicking element 'xpath=//*[@id="tads"]/div/div/div/div/div[1]/a/div[1]'.</msg>
<status status="PASS" starttime="20230216 14:19:40.361" endtime="20230216 14:19:41.837"/>
</kw>
<kw name="Wait Until Page Contains" library="SeleniumLibrary">
<arg>Coupons</arg>
<doc>Waits until ``text`` appears on the current page.</doc>
<status status="PASS" starttime="20230216 14:19:41.837" endtime="20230216 14:19:42.102"/>
</kw>
<status status="PASS" starttime="20230216 14:19:40.360" endtime="20230216 14:19:42.103"/>
</kw>
<kw name="Rechercher un produit" library="PageAcceuil">
<kw name="Clear Element Text" library="SeleniumLibrary">
<arg>name=field-keywords</arg>
<doc>Clears the value of the text-input-element identified by ``locator``.</doc>
<status status="PASS" starttime="20230216 14:19:42.106" endtime="20230216 14:19:42.310"/>
</kw>
<kw name="Input Text" library="SeleniumLibrary">
<arg>name=field-keywords</arg>
<arg>iphone 12</arg>
<doc>Types the given ``text`` into the text field identified by ``locator``.</doc>
<msg timestamp="20230216 14:19:42.310" level="INFO">Typing text 'iphone 12' into text field 'name=field-keywords'.</msg>
<status status="PASS" starttime="20230216 14:19:42.310" endtime="20230216 14:19:42.480"/>
</kw>
<kw name="Click Element" library="SeleniumLibrary">
<arg>xpath=//*[@id="nav-search-submit-button"]</arg>
<doc>Click the element identified by ``locator``.</doc>
<msg timestamp="20230216 14:19:42.481" level="INFO">Clicking element 'xpath=//*[@id="nav-search-submit-button"]'.</msg>
<status status="PASS" starttime="20230216 14:19:42.481" endtime="20230216 14:19:44.432"/>
</kw>
<kw name="Wait Until Page Contains" library="SeleniumLibrary">
<arg>iphone 12</arg>
<doc>Waits until ``text`` appears on the current page.</doc>
<status status="PASS" starttime="20230216 14:19:44.432" endtime="20230216 14:19:44.482"/>
</kw>
<status status="PASS" starttime="20230216 14:19:42.104" endtime="20230216 14:19:44.482"/>
</kw>
<status status="PASS" starttime="20230216 14:19:36.373" endtime="20230216 14:19:44.483"/>
</test>
<test id="s1-t2" name="Acceder au produit" line="23">
<kw name="Choisir un produit interressant" library="PageProduit">
<kw name="Click Element" library="SeleniumLibrary">
<arg>xpath=//*[@id="sp-cc-accept"]</arg>
<doc>Click the element identified by ``locator``.</doc>
<msg timestamp="20230216 14:19:44.486" level="INFO">Clicking element 'xpath=//*[@id="sp-cc-accept"]'.</msg>
<status status="PASS" starttime="20230216 14:19:44.485" endtime="20230216 14:19:44.682"/>
</kw>
<kw name="Click Element" library="SeleniumLibrary">
<arg>//*[@id="search"]/div[1]/div[1]/div/span[1]/div[1]/div[6]/div/div/div/div/div[2]/div[2]/h2/a/span</arg>
<doc>Click the element identified by ``locator``.</doc>
<msg timestamp="20230216 14:19:44.682" level="INFO">Clicking element '//*[@id="search"]/div[1]/div[1]/div/span[1]/div[1]/div[6]/div/div/div/div/div[2]/div[2]/h2/a/span'.</msg>
<msg timestamp="20230216 14:19:45.351" level="INFO" html="true">&lt;/td&gt;&lt;/tr&gt;&lt;tr&gt;&lt;td colspan="3"&gt;&lt;a href="selenium-screenshot-34.png"&gt;&lt;img src="selenium-screenshot-34.png" width="800px"&gt;&lt;/a&gt;</msg>
<msg timestamp="20230216 14:19:45.351" level="FAIL">Element with locator '//*[@id="search"]/div[1]/div[1]/div/span[1]/div[1]/div[6]/div/div/div/div/div[2]/div[2]/h2/a/span' not found.</msg>
<status status="FAIL" starttime="20230216 14:19:44.682" endtime="20230216 14:19:45.486"/>
</kw>
<kw name="Wait Until Page Contains" library="SeleniumLibrary">
<arg>Ajouter au panier</arg>
<doc>Waits until ``text`` appears on the current page.</doc>
<status status="NOT RUN" starttime="20230216 14:19:45.486" endtime="20230216 14:19:45.486"/>
</kw>
<status status="FAIL" starttime="20230216 14:19:44.485" endtime="20230216 14:19:45.486"/>
</kw>
<kw name="Choisir capacité iphone" library="PageProduit">
<status status="NOT RUN" starttime="20230216 14:19:45.486" endtime="20230216 14:19:45.486"/>
</kw>
<kw name="Ajouter iphone au panier" library="PageProduit">
<status status="NOT RUN" starttime="20230216 14:19:45.487" endtime="20230216 14:19:45.487"/>
</kw>
<status status="FAIL" starttime="20230216 14:19:44.484" endtime="20230216 14:19:45.487">Element with locator '//*[@id="search"]/div[1]/div[1]/div/span[1]/div[1]/div[6]/div/div/div/div/div[2]/div[2]/h2/a/span' not found.</status>
</test>
<test id="s1-t3" name="Acceder au panier" line="30">
<kw name="Inspecter panier" library="Panier">
<kw name="Wait Until Page Contains" library="SeleniumLibrary">
<arg>Votre panier</arg>
<doc>Waits until ``text`` appears on the current page.</doc>
<status status="PASS" starttime="20230216 14:19:45.492" endtime="20230216 14:19:45.522"/>
</kw>
<kw name="Click Element" library="SeleniumLibrary">
<arg>//*[@id="attachSiNoCoverage"]/span/input</arg>
<doc>Click the element identified by ``locator``.</doc>
<msg timestamp="20230216 14:19:45.523" level="INFO">Clicking element '//*[@id="attachSiNoCoverage"]/span/input'.</msg>
<msg timestamp="20230216 14:19:45.792" level="INFO" html="true">&lt;/td&gt;&lt;/tr&gt;&lt;tr&gt;&lt;td colspan="3"&gt;&lt;a href="selenium-screenshot-35.png"&gt;&lt;img src="selenium-screenshot-35.png" width="800px"&gt;&lt;/a&gt;</msg>
<msg timestamp="20230216 14:19:45.792" level="FAIL">Element with locator '//*[@id="attachSiNoCoverage"]/span/input' not found.</msg>
<status status="FAIL" starttime="20230216 14:19:45.522" endtime="20230216 14:19:45.793"/>
</kw>
<kw name="Click Element" library="SeleniumLibrary">
<arg>//*[@id="attach-close_sideSheet-link"]</arg>
<doc>Click the element identified by ``locator``.</doc>
<status status="NOT RUN" starttime="20230216 14:19:45.793" endtime="20230216 14:19:45.793"/>
</kw>
<status status="FAIL" starttime="20230216 14:19:45.491" endtime="20230216 14:19:45.794"/>
</kw>
<kw name="Valider panier" library="Panier">
<status status="NOT RUN" starttime="20230216 14:19:45.794" endtime="20230216 14:19:45.794"/>
</kw>
<status status="FAIL" starttime="20230216 14:19:45.491" endtime="20230216 14:19:45.795">Element with locator '//*[@id="attachSiNoCoverage"]/span/input' not found.</status>
</test>
<kw name="End web Test" library="common" type="TEARDOWN">
<kw name="Close Browser" library="SeleniumLibrary">
<doc>Closes the current browser.</doc>
<status status="PASS" starttime="20230216 14:19:45.797" endtime="20230216 14:19:48.294"/>
</kw>
<status status="PASS" starttime="20230216 14:19:45.797" endtime="20230216 14:19:48.295"/>
</kw>
<status status="FAIL" starttime="20230216 14:19:32.667" endtime="20230216 14:19:48.295"/>
</suite>
<statistics>
<total>
<stat pass="1" fail="2" skip="0">All Tests</stat>
</total>
<tag>
</tag>
<suite>
<stat pass="1" fail="2" skip="0" id="s1" name="Main">Main</stat>
</suite>
</statistics>
<errors>
</errors>
</robot>
