<?xml version="1.0" encoding="UTF-8"?>
<robot generator="Robot 6.0.2 (Python 3.9.10 on win32)" generated="20230122 01:24:13.536" rpa="false" schemaversion="3">
<suite id="s1" name="Main" source="C:\Users\Golden boy\OneDrive - H3 Campus\Bureau\my_own_robot\Projet robot 2\Tests\main.robot">
<kw name="Begin Web Test" library="common" type="SETUP">
<kw name="Open Browser" library="SeleniumLibrary">
<arg>about:blank</arg>
<arg>${navi}</arg>
<doc>Opens a new browser instance to the optional ``url``.</doc>
<msg timestamp="20230122 01:24:13.774" level="INFO">Opening browser 'chrome' to base url 'about:blank'.</msg>
<status status="PASS" starttime="20230122 01:24:13.773" endtime="20230122 01:24:15.045"/>
</kw>
<kw name="Maximize Browser Window" library="SeleniumLibrary">
<doc>Maximizes current browser window.</doc>
<status status="PASS" starttime="20230122 01:24:15.046" endtime="20230122 01:24:15.184"/>
</kw>
<status status="PASS" starttime="20230122 01:24:13.773" endtime="20230122 01:24:15.184"/>
</kw>
<test id="s1-t1" name="Voir produit disponible" line="9">
<kw name="Charger google" library="PageAcceuil">
<kw name="Go To" library="SeleniumLibrary">
<arg>${url}</arg>
<doc>Navigates the current browser window to the provided ``url``.</doc>
<msg timestamp="20230122 01:24:15.190" level="INFO">Opening url 'https://www.google.com/'</msg>
<status status="PASS" starttime="20230122 01:24:15.189" endtime="20230122 01:24:15.521"/>
</kw>
<kw name="Click Element" library="SeleniumLibrary">
<arg>//*[@id="L2AGLb"]</arg>
<doc>Click the element identified by ``locator``.</doc>
<msg timestamp="20230122 01:24:15.521" level="INFO">Clicking element '//*[@id="L2AGLb"]'.</msg>
<status status="PASS" starttime="20230122 01:24:15.521" endtime="20230122 01:24:15.563"/>
</kw>
<kw name="Wait Until Page Contains" library="SeleniumLibrary">
<arg>Google</arg>
<doc>Waits until ``text`` appears on the current page.</doc>
<status status="PASS" starttime="20230122 01:24:15.563" endtime="20230122 01:24:15.575"/>
</kw>
<status status="PASS" starttime="20230122 01:24:15.185" endtime="20230122 01:24:15.575"/>
</kw>
<kw name="Chercher le site amazone" library="PageAcceuil">
<kw name="Clear Element Text" library="SeleniumLibrary">
<arg>xpath=/html/body/div[1]/div[3]/form/div[1]/div[1]/div[1]/div/div[2]/input</arg>
<doc>Clears the value of the text-input-element identified by ``locator``.</doc>
<status status="PASS" starttime="20230122 01:24:15.576" endtime="20230122 01:24:15.621"/>
</kw>
<kw name="Input Text" library="SeleniumLibrary">
<arg>xpath=/html/body/div[1]/div[3]/form/div[1]/div[1]/div[1]/div/div[2]/input</arg>
<arg>amazon</arg>
<doc>Types the given ``text`` into the text field identified by ``locator``.</doc>
<msg timestamp="20230122 01:24:15.622" level="INFO">Typing text 'amazon' into text field 'xpath=/html/body/div[1]/div[3]/form/div[1]/div[1]/div[1]/div/div[2]/input'.</msg>
<status status="PASS" starttime="20230122 01:24:15.622" endtime="20230122 01:24:15.830"/>
</kw>
<kw name="Mouse Down" library="SeleniumLibrary">
<arg>id=hplogo</arg>
<doc>Simulates pressing the left mouse button on the element ``locator``.</doc>
<msg timestamp="20230122 01:24:15.831" level="INFO">Simulating Mouse Down on element 'id=hplogo'.</msg>
<status status="PASS" starttime="20230122 01:24:15.830" endtime="20230122 01:24:16.247"/>
</kw>
<kw name="Mouse Out" library="SeleniumLibrary">
<arg>id=hplogo</arg>
<doc>Simulates moving the mouse away from the element ``locator``.</doc>
<msg timestamp="20230122 01:24:16.248" level="INFO">Simulating Mouse Out on element 'id=hplogo'.</msg>
<status status="PASS" starttime="20230122 01:24:16.247" endtime="20230122 01:24:16.814"/>
</kw>
<kw name="Click Element" library="SeleniumLibrary">
<arg>class=gNO89b</arg>
<doc>Click the element identified by ``locator``.</doc>
<msg timestamp="20230122 01:24:16.816" level="INFO">Clicking element 'class=gNO89b'.</msg>
<status status="PASS" starttime="20230122 01:24:16.815" endtime="20230122 01:24:17.926"/>
</kw>
<kw name="Wait Until Page Contains" library="SeleniumLibrary">
<arg>Images</arg>
<doc>Waits until ``text`` appears on the current page.</doc>
<status status="PASS" starttime="20230122 01:24:17.926" endtime="20230122 01:24:17.945"/>
</kw>
<status status="PASS" starttime="20230122 01:24:15.576" endtime="20230122 01:24:17.945"/>
</kw>
<kw name="Naviger vers le site amazon" library="PageAcceuil">
<kw name="Click Element" library="SeleniumLibrary">
<arg>xpath=//*[@id="tads"]/div/div/div/div/div[1]/a/div[1]</arg>
<doc>Click the element identified by ``locator``.</doc>
<msg timestamp="20230122 01:24:17.948" level="INFO">Clicking element 'xpath=//*[@id="tads"]/div/div/div/div/div[1]/a/div[1]'.</msg>
<status status="PASS" starttime="20230122 01:24:17.947" endtime="20230122 01:24:19.219"/>
</kw>
<kw name="Wait Until Page Contains" library="SeleniumLibrary">
<arg>Coupons</arg>
<doc>Waits until ``text`` appears on the current page.</doc>
<status status="PASS" starttime="20230122 01:24:19.219" endtime="20230122 01:24:19.279"/>
</kw>
<status status="PASS" starttime="20230122 01:24:17.946" endtime="20230122 01:24:19.279"/>
</kw>
<kw name="Rechercher un produit" library="PageAcceuil">
<kw name="Clear Element Text" library="SeleniumLibrary">
<arg>name=field-keywords</arg>
<doc>Clears the value of the text-input-element identified by ``locator``.</doc>
<status status="PASS" starttime="20230122 01:24:19.281" endtime="20230122 01:24:19.323"/>
</kw>
<kw name="Input Text" library="SeleniumLibrary">
<arg>name=field-keywords</arg>
<arg>iphone 12</arg>
<doc>Types the given ``text`` into the text field identified by ``locator``.</doc>
<msg timestamp="20230122 01:24:19.323" level="INFO">Typing text 'iphone 12' into text field 'name=field-keywords'.</msg>
<status status="PASS" starttime="20230122 01:24:19.323" endtime="20230122 01:24:19.473"/>
</kw>
<kw name="Wait Until Page Contains" library="SeleniumLibrary">
<arg>iphone 12</arg>
<doc>Waits until ``text`` appears on the current page.</doc>
<status status="PASS" starttime="20230122 01:24:19.473" endtime="20230122 01:24:19.742"/>
</kw>
<status status="PASS" starttime="20230122 01:24:19.280" endtime="20230122 01:24:19.742"/>
</kw>
<status status="PASS" starttime="20230122 01:24:15.184" endtime="20230122 01:24:19.743"/>
</test>
<kw name="End web Test" library="common" type="TEARDOWN">
<kw name="Close Browser" library="SeleniumLibrary">
<doc>Closes the current browser.</doc>
<status status="PASS" starttime="20230122 01:24:19.745" endtime="20230122 01:24:21.983"/>
</kw>
<status status="PASS" starttime="20230122 01:24:19.745" endtime="20230122 01:24:21.983"/>
</kw>
<status status="PASS" starttime="20230122 01:24:13.539" endtime="20230122 01:24:21.984"/>
</suite>
<statistics>
<total>
<stat pass="1" fail="0" skip="0">All Tests</stat>
</total>
<tag>
</tag>
<suite>
<stat pass="1" fail="0" skip="0" id="s1" name="Main">Main</stat>
</suite>
</statistics>
<errors>
</errors>
</robot>
