<?xml version="1.0" encoding="UTF-8"?>
<robot generator="Robot 6.0.2 (Python 3.9.10 on win32)" generated="20230125 01:10:15.300" rpa="false" schemaversion="3">
<suite id="s1" name="Main" source="C:\Users\Golden boy\OneDrive - H3 Campus\Bureau\my_own_robot\Projet robot 2\Tests\main.robot">
<kw name="Begin Web Test" library="common" type="SETUP">
<kw name="Open Browser" library="SeleniumLibrary">
<arg>about:blank</arg>
<arg>${navi}</arg>
<doc>Opens a new browser instance to the optional ``url``.</doc>
<msg timestamp="20230125 01:10:15.630" level="INFO">Opening browser 'chrome' to base url 'about:blank'.</msg>
<status status="PASS" starttime="20230125 01:10:15.630" endtime="20230125 01:10:17.368"/>
</kw>
<kw name="Maximize Browser Window" library="SeleniumLibrary">
<doc>Maximizes current browser window.</doc>
<status status="PASS" starttime="20230125 01:10:17.368" endtime="20230125 01:10:17.495"/>
</kw>
<status status="PASS" starttime="20230125 01:10:15.629" endtime="20230125 01:10:17.495"/>
</kw>
<test id="s1-t1" name="Voir produit disponible" line="13">
<kw name="Charger google" library="PageAcceuil">
<kw name="Go To" library="SeleniumLibrary">
<arg>${uri}</arg>
<doc>Navigates the current browser window to the provided ``url``.</doc>
<msg timestamp="20230125 01:10:17.499" level="INFO">Opening url 'https://www.google.com/'</msg>
<status status="PASS" starttime="20230125 01:10:17.499" endtime="20230125 01:10:17.931"/>
</kw>
<kw name="Click Element" library="SeleniumLibrary">
<arg>//*[@id="L2AGLb"]</arg>
<doc>Click the element identified by ``locator``.</doc>
<msg timestamp="20230125 01:10:17.931" level="INFO">Clicking element '//*[@id="L2AGLb"]'.</msg>
<status status="PASS" starttime="20230125 01:10:17.931" endtime="20230125 01:10:17.976"/>
</kw>
<kw name="Wait Until Page Contains" library="SeleniumLibrary">
<arg>Google</arg>
<doc>Waits until ``text`` appears on the current page.</doc>
<status status="PASS" starttime="20230125 01:10:17.976" endtime="20230125 01:10:17.989"/>
</kw>
<status status="PASS" starttime="20230125 01:10:17.498" endtime="20230125 01:10:17.989"/>
</kw>
<kw name="Chercher le site amazone" library="PageAcceuil">
<kw name="Clear Element Text" library="SeleniumLibrary">
<arg>xpath=/html/body/div[1]/div[3]/form/div[1]/div[1]/div[1]/div/div[2]/input</arg>
<doc>Clears the value of the text-input-element identified by ``locator``.</doc>
<status status="PASS" starttime="20230125 01:10:17.990" endtime="20230125 01:10:18.036"/>
</kw>
<kw name="Input Text" library="SeleniumLibrary">
<arg>xpath=/html/body/div[1]/div[3]/form/div[1]/div[1]/div[1]/div/div[2]/input</arg>
<arg>amazon</arg>
<doc>Types the given ``text`` into the text field identified by ``locator``.</doc>
<msg timestamp="20230125 01:10:18.038" level="INFO">Typing text 'amazon' into text field 'xpath=/html/body/div[1]/div[3]/form/div[1]/div[1]/div[1]/div/div[2]/input'.</msg>
<status status="PASS" starttime="20230125 01:10:18.037" endtime="20230125 01:10:18.232"/>
</kw>
<kw name="Click Element" library="SeleniumLibrary">
<arg>class=gNO89b</arg>
<doc>Click the element identified by ``locator``.</doc>
<msg timestamp="20230125 01:10:18.233" level="INFO">Clicking element 'class=gNO89b'.</msg>
<status status="PASS" starttime="20230125 01:10:18.232" endtime="20230125 01:10:19.667"/>
</kw>
<kw name="Wait Until Page Contains" library="SeleniumLibrary">
<arg>Images</arg>
<doc>Waits until ``text`` appears on the current page.</doc>
<status status="PASS" starttime="20230125 01:10:19.667" endtime="20230125 01:10:19.686"/>
</kw>
<status status="PASS" starttime="20230125 01:10:17.990" endtime="20230125 01:10:19.686"/>
</kw>
<kw name="Naviger vers le site amazon" library="PageAcceuil">
<kw name="Click Element" library="SeleniumLibrary">
<arg>xpath=//*[@id="tads"]/div/div/div/div/div[1]/a/div[1]</arg>
<doc>Click the element identified by ``locator``.</doc>
<msg timestamp="20230125 01:10:19.688" level="INFO">Clicking element 'xpath=//*[@id="tads"]/div/div/div/div/div[1]/a/div[1]'.</msg>
<status status="PASS" starttime="20230125 01:10:19.687" endtime="20230125 01:10:20.933"/>
</kw>
<kw name="Wait Until Page Contains" library="SeleniumLibrary">
<arg>Coupons</arg>
<doc>Waits until ``text`` appears on the current page.</doc>
<status status="PASS" starttime="20230125 01:10:20.934" endtime="20230125 01:10:21.004"/>
</kw>
<status status="PASS" starttime="20230125 01:10:19.687" endtime="20230125 01:10:21.004"/>
</kw>
<kw name="Rechercher un produit" library="PageAcceuil">
<kw name="Clear Element Text" library="SeleniumLibrary">
<arg>name=field-keywords</arg>
<doc>Clears the value of the text-input-element identified by ``locator``.</doc>
<status status="PASS" starttime="20230125 01:10:21.005" endtime="20230125 01:10:21.051"/>
</kw>
<kw name="Input Text" library="SeleniumLibrary">
<arg>name=field-keywords</arg>
<arg>iphone 12</arg>
<doc>Types the given ``text`` into the text field identified by ``locator``.</doc>
<msg timestamp="20230125 01:10:21.051" level="INFO">Typing text 'iphone 12' into text field 'name=field-keywords'.</msg>
<status status="PASS" starttime="20230125 01:10:21.051" endtime="20230125 01:10:21.160"/>
</kw>
<kw name="Click Element" library="SeleniumLibrary">
<arg>xpath=//*[@id="nav-search-submit-button"]</arg>
<doc>Click the element identified by ``locator``.</doc>
<msg timestamp="20230125 01:10:21.160" level="INFO">Clicking element 'xpath=//*[@id="nav-search-submit-button"]'.</msg>
<status status="PASS" starttime="20230125 01:10:21.160" endtime="20230125 01:10:22.992"/>
</kw>
<kw name="Wait Until Page Contains" library="SeleniumLibrary">
<arg>iphone 12</arg>
<doc>Waits until ``text`` appears on the current page.</doc>
<status status="PASS" starttime="20230125 01:10:22.992" endtime="20230125 01:10:23.034"/>
</kw>
<status status="PASS" starttime="20230125 01:10:21.005" endtime="20230125 01:10:23.034"/>
</kw>
<status status="PASS" starttime="20230125 01:10:17.496" endtime="20230125 01:10:23.035"/>
</test>
<test id="s1-t2" name="Acceder au produit" line="23">
<kw name="Choisir un produit interressant" library="PageProduit">
<kw name="Click Element" library="SeleniumLibrary">
<arg>xpath=//*[@id="sp-cc-accept"]</arg>
<doc>Click the element identified by ``locator``.</doc>
<msg timestamp="20230125 01:10:23.038" level="INFO">Clicking element 'xpath=//*[@id="sp-cc-accept"]'.</msg>
<status status="PASS" starttime="20230125 01:10:23.037" endtime="20230125 01:10:23.188"/>
</kw>
<kw name="Click Element" library="SeleniumLibrary">
<arg>//*[@id="search"]/div[1]/div[1]/div/span[1]/div[1]/div[2]/div/div/div/div/div/div/div[1]/span/a/div/img</arg>
<doc>Click the element identified by ``locator``.</doc>
<msg timestamp="20230125 01:10:23.189" level="INFO">Clicking element '//*[@id="search"]/div[1]/div[1]/div/span[1]/div[1]/div[2]/div/div/div/div/div/div/div[1]/span/a/div/img'.</msg>
<status status="PASS" starttime="20230125 01:10:23.189" endtime="20230125 01:10:26.484"/>
</kw>
<kw name="Wait Until Page Contains" library="SeleniumLibrary">
<arg>Ajouter au panier</arg>
<doc>Waits until ``text`` appears on the current page.</doc>
<status status="PASS" starttime="20230125 01:10:26.484" endtime="20230125 01:10:26.535"/>
</kw>
<status status="PASS" starttime="20230125 01:10:23.037" endtime="20230125 01:10:26.535"/>
</kw>
<kw name="Choisir capacité iphone" library="PageProduit">
<kw name="Click Button" library="SeleniumLibrary">
<arg>//*[@id="a-autoid-17-announce"]</arg>
<doc>Clicks the button identified by ``locator``.</doc>
<msg timestamp="20230125 01:10:26.537" level="INFO">Clicking button '//*[@id="a-autoid-17-announce"]'.</msg>
<status status="PASS" starttime="20230125 01:10:26.536" endtime="20230125 01:10:26.912"/>
</kw>
<kw name="Capture Page Screenshot" library="SeleniumLibrary">
<arg>img.png</arg>
<doc>Takes a screenshot of the current page and embeds it into a log file.</doc>
<msg timestamp="20230125 01:10:27.557" level="INFO" html="true">&lt;/td&gt;&lt;/tr&gt;&lt;tr&gt;&lt;td colspan="3"&gt;&lt;a href="img.png"&gt;&lt;img src="img.png" width="800px"&gt;&lt;/a&gt;</msg>
<status status="PASS" starttime="20230125 01:10:26.913" endtime="20230125 01:10:27.558"/>
</kw>
<kw name="Wait Until Page Contains" library="SeleniumLibrary">
<arg>Ajouter au panier</arg>
<doc>Waits until ``text`` appears on the current page.</doc>
<status status="PASS" starttime="20230125 01:10:27.558" endtime="20230125 01:10:27.589"/>
</kw>
<status status="PASS" starttime="20230125 01:10:26.536" endtime="20230125 01:10:27.589"/>
</kw>
<kw name="Ajouter iphone au panier" library="PageProduit">
<kw name="Click Element" library="SeleniumLibrary">
<arg>//*[@id="add-to-cart-button"]</arg>
<doc>Click the element identified by ``locator``.</doc>
<msg timestamp="20230125 01:10:27.590" level="INFO">Clicking element '//*[@id="add-to-cart-button"]'.</msg>
<status status="PASS" starttime="20230125 01:10:27.590" endtime="20230125 01:10:27.721"/>
</kw>
<kw name="Wait Until Page Contains" library="SeleniumLibrary">
<arg>Ajouter au panier</arg>
<doc>Waits until ``text`` appears on the current page.</doc>
<status status="PASS" starttime="20230125 01:10:27.721" endtime="20230125 01:10:27.761"/>
</kw>
<status status="PASS" starttime="20230125 01:10:27.590" endtime="20230125 01:10:27.762"/>
</kw>
<status status="PASS" starttime="20230125 01:10:23.036" endtime="20230125 01:10:27.762"/>
</test>
<test id="s1-t3" name="Acceder au panier" line="30">
<kw name="Inspecter panier" library="Panier">
<kw name="Click Element" library="SeleniumLibrary">
<arg>name=0</arg>
<doc>Click the element identified by ``locator``.</doc>
<msg timestamp="20230125 01:10:27.765" level="INFO">Clicking element 'name=0'.</msg>
<msg timestamp="20230125 01:10:28.540" level="INFO" html="true">&lt;/td&gt;&lt;/tr&gt;&lt;tr&gt;&lt;td colspan="3"&gt;&lt;a href="selenium-screenshot-15.png"&gt;&lt;img src="selenium-screenshot-15.png" width="800px"&gt;&lt;/a&gt;</msg>
<msg timestamp="20230125 01:10:28.540" level="FAIL">ElementNotInteractableException: Message: element not interactable
  (Session info: chrome=109.0.5414.75)
Stacktrace:
Backtrace:
	(No symbol) [0x00AAF243]
	(No symbol) [0x00A37FD1]
	(No symbol) [0x0092CF10]
	(No symbol) [0x0095D003]
	(No symbol) [0x009532A6]
	(No symbol) [0x0097858C]
	(No symbol) [0x00952BFF]
	(No symbol) [0x00978804]
	(No symbol) [0x0098C9EB]
	(No symbol) [0x00978386]
	(No symbol) [0x0095163C]
	(No symbol) [0x0095269D]
	GetHandleVerifier [0x00D49A22+2655074]
	GetHandleVerifier [0x00D3CA24+2601828]
	GetHandleVerifier [0x00B58C0A+619850]
	GetHandleVerifier [0x00B57830+614768]
	(No symbol) [0x00A405FC]
	(No symbol) [0x00A45968]
	(No symbol) [0x00A45A55]
	(No symbol) [0x00A5051B]
	BaseThreadInitThunk [0x76A800F9+25]
	RtlGetAppContainerNamedObjectPath [0x77A07BBE+286]
	RtlGetAppContainerNamedObjectPath [0x77A07B8E+238]
</msg>
<status status="FAIL" starttime="20230125 01:10:27.764" endtime="20230125 01:10:28.556"/>
</kw>
<kw name="Wait Until Page Contains" library="SeleniumLibrary">
<arg>Votre panier</arg>
<doc>Waits until ``text`` appears on the current page.</doc>
<status status="NOT RUN" starttime="20230125 01:10:28.556" endtime="20230125 01:10:28.556"/>
</kw>
<kw name="Click Element" library="SeleniumLibrary">
<arg>//*[@id="attachSiNoCoverage"]/span/input</arg>
<doc>Click the element identified by ``locator``.</doc>
<status status="NOT RUN" starttime="20230125 01:10:28.556" endtime="20230125 01:10:28.557"/>
</kw>
<kw name="Click Element" library="SeleniumLibrary">
<arg>//*[@id="attach-close_sideSheet-link"]</arg>
<doc>Click the element identified by ``locator``.</doc>
<status status="NOT RUN" starttime="20230125 01:10:28.557" endtime="20230125 01:10:28.557"/>
</kw>
<status status="FAIL" starttime="20230125 01:10:27.764" endtime="20230125 01:10:28.557"/>
</kw>
<kw name="Valider panier" library="Panier">
<status status="NOT RUN" starttime="20230125 01:10:28.559" endtime="20230125 01:10:28.559"/>
</kw>
<status status="FAIL" starttime="20230125 01:10:27.763" endtime="20230125 01:10:28.559">ElementNotInteractableException: Message: element not interactable
  (Session info: chrome=109.0.5414.75)
Stacktrace:
Backtrace:
	(No symbol) [0x00AAF243]
	(No symbol) [0x00A37FD1]
	(No symbol) [0x0092CF10]
	(No symbol) [0x0095D003]
	(No symbol) [0x009532A6]
	(No symbol) [0x0097858C]
	(No symbol) [0x00952BFF]
	(No symbol) [0x00978804]
	(No symbol) [0x0098C9EB]
	(No symbol) [0x00978386]
	(No symbol) [0x0095163C]
	(No symbol) [0x0095269D]
	GetHandleVerifier [0x00D49A22+2655074]
	GetHandleVerifier [0x00D3CA24+2601828]
	GetHandleVerifier [0x00B58C0A+619850]
	GetHandleVerifier [0x00B57830+614768]
	(No symbol) [0x00A405FC]
	(No symbol) [0x00A45968]
	(No symbol) [0x00A45A55]
	(No symbol) [0x00A5051B]
	BaseThreadInitThunk [0x76A800F9+25]
	RtlGetAppContainerNamedObjectPath [0x77A07BBE+286]
	RtlGetAppContainerNamedObjectPath [0x77A07B8E+238]
</status>
</test>
<kw name="End web Test" library="common" type="TEARDOWN">
<kw name="Close Browser" library="SeleniumLibrary">
<doc>Closes the current browser.</doc>
<status status="PASS" starttime="20230125 01:10:28.568" endtime="20230125 01:10:31.313"/>
</kw>
<status status="PASS" starttime="20230125 01:10:28.568" endtime="20230125 01:10:31.313"/>
</kw>
<status status="FAIL" starttime="20230125 01:10:15.303" endtime="20230125 01:10:31.313"/>
</suite>
<statistics>
<total>
<stat pass="2" fail="1" skip="0">All Tests</stat>
</total>
<tag>
</tag>
<suite>
<stat pass="2" fail="1" skip="0" id="s1" name="Main">Main</stat>
</suite>
</statistics>
<errors>
</errors>
</robot>
