<?xml version="1.0" encoding="UTF-8"?>
<robot generator="Robot 6.0.2 (Python 3.9.10 on win32)" generated="20230318 20:50:06.827" rpa="false" schemaversion="3">
<suite id="s1" name="Test" source="C:\Users\Golden boy\OneDrive - H3 Campus\Bureau\my_own_robot\Projet robot 1\Tests\test.robot">
<test id="s1-t1" name="Constante" line="19">
<kw name="Log" library="BuiltIn">
<arg>hello</arg>
<doc>Logs the given message with the given level.</doc>
<msg timestamp="20230318 20:50:07.056" level="INFO">hello</msg>
<status status="PASS" starttime="20230318 20:50:07.056" endtime="20230318 20:50:07.056"/>
</kw>
<kw name="Log" library="BuiltIn">
<arg>hello word</arg>
<doc>Logs the given message with the given level.</doc>
<msg timestamp="20230318 20:50:07.056" level="INFO">hello word</msg>
<status status="PASS" starttime="20230318 20:50:07.056" endtime="20230318 20:50:07.057"/>
</kw>
<status status="PASS" starttime="20230318 20:50:07.055" endtime="20230318 20:50:07.057"/>
</test>
<test id="s1-t2" name="Variable" line="23">
<kw name="Log" library="BuiltIn">
<arg>${Salut} ${nom}</arg>
<doc>Logs the given message with the given level.</doc>
<msg timestamp="20230318 20:50:07.060" level="INFO">hello kevin</msg>
<status status="PASS" starttime="20230318 20:50:07.059" endtime="20230318 20:50:07.060"/>
</kw>
<kw name="Log" library="BuiltIn">
<arg>${multiligne}</arg>
<doc>Logs the given message with the given level.</doc>
<msg timestamp="20230318 20:50:07.060" level="INFO">Ligne 1
ligne 2
ligne 3
ligne 4</msg>
<status status="PASS" starttime="20230318 20:50:07.060" endtime="20230318 20:50:07.060"/>
</kw>
<status status="PASS" starttime="20230318 20:50:07.059" endtime="20230318 20:50:07.061"/>
</test>
<test id="s1-t3" name="Liste" line="27">
<kw name="Log" library="BuiltIn">
<arg>@{user}</arg>
<doc>Logs the given message with the given level.</doc>
<msg timestamp="20230318 20:50:07.063" level="INFO">goldenboy barlax massmass</msg>
<status status="PASS" starttime="20230318 20:50:07.063" endtime="20230318 20:50:07.063"/>
</kw>
<kw name="Log" library="BuiltIn">
<arg>@{Nom2}</arg>
<doc>Logs the given message with the given level.</doc>
<msg timestamp="20230318 20:50:07.064" level="INFO">['John Doe ana'] Richard</msg>
<status status="PASS" starttime="20230318 20:50:07.064" endtime="20230318 20:50:07.064"/>
</kw>
<kw name="Log" library="BuiltIn">
<arg>@{Nom1}</arg>
<doc>Logs the given message with the given level.</doc>
<msg timestamp="20230318 20:50:07.065" level="INFO">John Doe ana</msg>
<status status="PASS" starttime="20230318 20:50:07.065" endtime="20230318 20:50:07.065"/>
</kw>
<kw name="Log" library="BuiltIn">
<arg>@{multilist} [1:3]</arg>
<doc>Logs the given message with the given level.</doc>
<msg timestamp="20230318 20:50:07.065" level="INFO">['Ethan', 'kylian', 'Enzo', 'Lucas', 'Rayane', 'Sitraka'] [1:3]</msg>
<status status="PASS" starttime="20230318 20:50:07.065" endtime="20230318 20:50:07.065"/>
</kw>
<status status="PASS" starttime="20230318 20:50:07.062" endtime="20230318 20:50:07.065"/>
</test>
<status status="PASS" starttime="20230318 20:50:06.831" endtime="20230318 20:50:07.066"/>
</suite>
<statistics>
<total>
<stat pass="3" fail="0" skip="0">All Tests</stat>
</total>
<tag>
</tag>
<suite>
<stat pass="3" fail="0" skip="0" id="s1" name="Test">Test</stat>
</suite>
</statistics>
<errors>
</errors>
</robot>
