<?xml version="1.0" encoding="UTF-8"?>
<robot generator="Robot 6.0.2 (Python 3.9.10 on win32)" generated="20230216 14:25:28.988" rpa="false" schemaversion="3">
<suite id="s1" name="Tests" source="C:\Users\Golden boy\OneDrive - H3 Campus\Bureau\my_own_robot\Projet test ISG\Tests">
<suite id="s1-s1" name="Main" source="C:\Users\Golden boy\OneDrive - H3 Campus\Bureau\my_own_robot\Projet test ISG\Tests\Main.robot">
<kw name="Start testing" library="Commons" type="SETUP">
<kw name="Open Browser" library="SeleniumLibrary">
<arg>about:blank</arg>
<arg>${nav}</arg>
<doc>Opens a new browser instance to the optional ``url``.</doc>
<msg timestamp="20230216 14:25:29.332" level="INFO">Opening browser 'chrome' to base url 'about:blank'.</msg>
<status status="PASS" starttime="20230216 14:25:29.330" endtime="20230216 14:25:31.121"/>
</kw>
<kw name="Maximize Browser Window" library="SeleniumLibrary">
<doc>Maximizes current browser window.</doc>
<status status="PASS" starttime="20230216 14:25:31.121" endtime="20230216 14:25:31.243"/>
</kw>
<status status="PASS" starttime="20230216 14:25:29.329" endtime="20230216 14:25:31.244"/>
</kw>
<test id="s1-s1-t1" name="launch isg" line="11">
<kw name="Loard google" library="GotoIsg">
<kw name="Go To" library="SeleniumLibrary">
<arg>${URL}</arg>
<doc>Navigates the current browser window to the provided ``url``.</doc>
<msg timestamp="20230216 14:25:31.249" level="INFO">Opening url 'https://www.google.com/'</msg>
<status status="PASS" starttime="20230216 14:25:31.249" endtime="20230216 14:25:31.833"/>
</kw>
<kw name="Click Element" library="SeleniumLibrary">
<arg>//*[@id="L2AGLb"]</arg>
<doc>Click the element identified by ``locator``.</doc>
<msg timestamp="20230216 14:25:31.834" level="INFO">Clicking element '//*[@id="L2AGLb"]'.</msg>
<status status="PASS" starttime="20230216 14:25:31.833" endtime="20230216 14:25:31.900"/>
</kw>
<kw name="Wait Until Page Contains" library="SeleniumLibrary">
<arg>Google</arg>
<doc>Waits until ``text`` appears on the current page.</doc>
<status status="PASS" starttime="20230216 14:25:31.900" endtime="20230216 14:25:31.913"/>
</kw>
<status status="PASS" starttime="20230216 14:25:31.248" endtime="20230216 14:25:31.913"/>
</kw>
<kw name="Search Bruneau" library="GotoIsg">
<kw name="Clear Element Text" library="SeleniumLibrary">
<arg>xpath=/html/body/div[1]/div[3]/form/div[1]/div[1]/div[1]/div/div[2]/input</arg>
<doc>Clears the value of the text-input-element identified by ``locator``.</doc>
<status status="PASS" starttime="20230216 14:25:31.914" endtime="20230216 14:25:31.959"/>
</kw>
<kw name="Input Text" library="SeleniumLibrary">
<arg>xpath=/html/body/div[1]/div[3]/form/div[1]/div[1]/div[1]/div/div[2]/input</arg>
<arg>${Isg}</arg>
<doc>Types the given ``text`` into the text field identified by ``locator``.</doc>
<msg timestamp="20230216 14:25:31.960" level="INFO">Typing text 'Bruneau' into text field 'xpath=/html/body/div[1]/div[3]/form/div[1]/div[1]/div[1]/div/div[2]/input'.</msg>
<status status="PASS" starttime="20230216 14:25:31.959" endtime="20230216 14:25:32.344"/>
</kw>
<kw name="Click Element" library="SeleniumLibrary">
<arg>class=gNO89b</arg>
<doc>Click the element identified by ``locator``.</doc>
<msg timestamp="20230216 14:25:32.345" level="INFO">Clicking element 'class=gNO89b'.</msg>
<status status="PASS" starttime="20230216 14:25:32.344" endtime="20230216 14:25:34.449"/>
</kw>
<kw name="Wait Until Page Contains" library="SeleniumLibrary">
<arg>Images</arg>
<doc>Waits until ``text`` appears on the current page.</doc>
<status status="PASS" starttime="20230216 14:25:34.449" endtime="20230216 14:25:34.485"/>
</kw>
<status status="PASS" starttime="20230216 14:25:31.913" endtime="20230216 14:25:34.485"/>
</kw>
<kw name="Go to Bruneau.fr" library="GotoIsg">
<kw name="Click Element" library="SeleniumLibrary">
<arg>//*[@id="tads"]/div/div/div/div/div[1]/a/div[1]/span</arg>
<doc>Click the element identified by ``locator``.</doc>
<msg timestamp="20230216 14:25:34.487" level="INFO">Clicking element '//*[@id="tads"]/div/div/div/div/div[1]/a/div[1]/span'.</msg>
<status status="PASS" starttime="20230216 14:25:34.486" endtime="20230216 14:25:35.415"/>
</kw>
<kw name="Wait Until Page Contains" library="SeleniumLibrary">
<arg>Bruneau</arg>
<doc>Waits until ``text`` appears on the current page.</doc>
<status status="PASS" starttime="20230216 14:25:35.415" endtime="20230216 14:25:35.491"/>
</kw>
<kw name="Sleep" library="BuiltIn">
<arg>2</arg>
<doc>Pauses the test executed for the given time.</doc>
<msg timestamp="20230216 14:25:37.505" level="INFO">Slept 2 seconds</msg>
<status status="PASS" starttime="20230216 14:25:35.491" endtime="20230216 14:25:37.505"/>
</kw>
<status status="PASS" starttime="20230216 14:25:34.486" endtime="20230216 14:25:37.505"/>
</kw>
<status status="PASS" starttime="20230216 14:25:31.244" endtime="20230216 14:25:37.506"/>
</test>
<test id="s1-s1-t2" name="Search some product &amp; put it on the basket" line="16">
<kw name="Search a reference" library="GotoIsg">
<kw name="Click Element" library="SeleniumLibrary">
<arg>//*[@id="onetrust-accept-btn-container"]</arg>
<doc>Click the element identified by ``locator``.</doc>
<msg timestamp="20230216 14:25:37.509" level="INFO">Clicking element '//*[@id="onetrust-accept-btn-container"]'.</msg>
<status status="PASS" starttime="20230216 14:25:37.508" endtime="20230216 14:25:37.599"/>
</kw>
<kw name="Click Element" library="SeleniumLibrary">
<arg>//*[@id="isg-header-search"]/form/div/input</arg>
<doc>Click the element identified by ``locator``.</doc>
<msg timestamp="20230216 14:25:37.601" level="INFO">Clicking element '//*[@id="isg-header-search"]/form/div/input'.</msg>
<status status="PASS" starttime="20230216 14:25:37.600" endtime="20230216 14:25:38.102"/>
</kw>
<kw name="Clear Element Text" library="SeleniumLibrary">
<arg>//*[@id="isg-header-search"]/form/div/input</arg>
<doc>Clears the value of the text-input-element identified by ``locator``.</doc>
<status status="PASS" starttime="20230216 14:25:38.102" endtime="20230216 14:25:38.129"/>
</kw>
<kw name="Input Text" library="SeleniumLibrary">
<arg>//*[@id="isg-header-search"]/form/div/input</arg>
<arg>15101</arg>
<doc>Types the given ``text`` into the text field identified by ``locator``.</doc>
<msg timestamp="20230216 14:25:38.130" level="INFO">Typing text '15101' into text field '//*[@id="isg-header-search"]/form/div/input'.</msg>
<status status="PASS" starttime="20230216 14:25:38.129" endtime="20230216 14:25:38.213"/>
</kw>
<kw name="Click Element" library="SeleniumLibrary">
<arg>//*[@id="isg-header-search"]/form/button[2]/i</arg>
<doc>Click the element identified by ``locator``.</doc>
<msg timestamp="20230216 14:25:38.214" level="INFO">Clicking element '//*[@id="isg-header-search"]/form/button[2]/i'.</msg>
<status status="PASS" starttime="20230216 14:25:38.213" endtime="20230216 14:25:38.289"/>
</kw>
<kw name="Wait Until Page Contains" library="SeleniumLibrary">
<arg>Référence : 15101</arg>
<doc>Waits until ``text`` appears on the current page.</doc>
<status status="PASS" starttime="20230216 14:25:38.290" endtime="20230216 14:25:39.602"/>
</kw>
<status status="PASS" starttime="20230216 14:25:37.508" endtime="20230216 14:25:39.602"/>
</kw>
<kw name="Put a reference on a basket" library="GotoIsg">
<kw name="Click Element" library="SeleniumLibrary">
<arg>//*[@id="isg-product-offer-quantity"]/div/div/span[2]/input</arg>
<doc>Click the element identified by ``locator``.</doc>
<msg timestamp="20230216 14:25:39.604" level="INFO">Clicking element '//*[@id="isg-product-offer-quantity"]/div/div/span[2]/input'.</msg>
<status status="PASS" starttime="20230216 14:25:39.604" endtime="20230216 14:25:39.860"/>
</kw>
<kw name="Clear Element Text" library="SeleniumLibrary">
<arg>//*[@id="isg-product-offer-quantity"]/div/div/span[2]/input</arg>
<doc>Clears the value of the text-input-element identified by ``locator``.</doc>
<status status="PASS" starttime="20230216 14:25:39.860" endtime="20230216 14:25:39.988"/>
</kw>
<kw name="Input Text" library="SeleniumLibrary">
<arg>//*[@id="isg-product-offer-quantity"]/div/div/span[2]/input</arg>
<arg>10</arg>
<doc>Types the given ``text`` into the text field identified by ``locator``.</doc>
<msg timestamp="20230216 14:25:39.989" level="INFO">Typing text '10' into text field '//*[@id="isg-product-offer-quantity"]/div/div/span[2]/input'.</msg>
<status status="PASS" starttime="20230216 14:25:39.989" endtime="20230216 14:25:40.406"/>
</kw>
<kw name="Wait Until Page Contains" library="SeleniumLibrary">
<arg>Référence : 15101</arg>
<doc>Waits until ``text`` appears on the current page.</doc>
<status status="PASS" starttime="20230216 14:25:40.406" endtime="20230216 14:25:40.415"/>
</kw>
<kw name="Click Element" library="SeleniumLibrary">
<arg>//*[@id="isg-product-offer-container"]/form/div[2]/button/span</arg>
<doc>Click the element identified by ``locator``.</doc>
<msg timestamp="20230216 14:25:40.415" level="INFO">Clicking element '//*[@id="isg-product-offer-container"]/form/div[2]/button/span'.</msg>
<status status="PASS" starttime="20230216 14:25:40.415" endtime="20230216 14:25:40.467"/>
</kw>
<kw name="Wait Until Page Contains" library="SeleniumLibrary">
<arg>Référence : 15101</arg>
<doc>Waits until ``text`` appears on the current page.</doc>
<status status="PASS" starttime="20230216 14:25:40.467" endtime="20230216 14:25:40.477"/>
</kw>
<kw name="Click Element" library="SeleniumLibrary">
<arg>id=isg-header-cart</arg>
<doc>Click the element identified by ``locator``.</doc>
<msg timestamp="20230216 14:25:40.478" level="INFO">Clicking element 'id=isg-header-cart'.</msg>
<status status="PASS" starttime="20230216 14:25:40.478" endtime="20230216 14:25:40.525"/>
</kw>
<status status="PASS" starttime="20230216 14:25:39.603" endtime="20230216 14:25:40.526"/>
</kw>
<status status="PASS" starttime="20230216 14:25:37.507" endtime="20230216 14:25:40.526"/>
</test>
<kw name="End testing" library="Commons" type="TEARDOWN">
<kw name="Close Browser" library="SeleniumLibrary">
<doc>Closes the current browser.</doc>
<status status="PASS" starttime="20230216 14:25:40.529" endtime="20230216 14:25:42.905"/>
</kw>
<status status="PASS" starttime="20230216 14:25:40.528" endtime="20230216 14:25:42.905"/>
</kw>
<status status="PASS" starttime="20230216 14:25:29.020" endtime="20230216 14:25:42.905"/>
</suite>
<status status="PASS" starttime="20230216 14:25:28.989" endtime="20230216 14:25:42.908"/>
</suite>
<statistics>
<total>
<stat pass="2" fail="0" skip="0">All Tests</stat>
</total>
<tag>
</tag>
<suite>
<stat pass="2" fail="0" skip="0" id="s1" name="Tests">Tests</stat>
<stat pass="2" fail="0" skip="0" id="s1-s1" name="Main">Tests.Main</stat>
</suite>
</statistics>
<errors>
</errors>
</robot>
