<?xml version="1.0" encoding="UTF-8"?>
<robot generator="Robot 6.0.2 (Python 3.9.10 on win32)" generated="20230126 22:34:02.643" rpa="false" schemaversion="3">
<suite id="s1" name="Main" source="C:\Users\Golden boy\OneDrive - H3 Campus\Bureau\my_own_robot\Projet test ISG\Tests\Main.robot">
<kw name="Start testing" library="Commons" type="SETUP">
<kw name="Open Browser" library="SeleniumLibrary">
<arg>about:blank</arg>
<arg>${nav}</arg>
<doc>Opens a new browser instance to the optional ``url``.</doc>
<msg timestamp="20230126 22:34:02.884" level="INFO">Opening browser 'chrome' to base url 'about:blank'.</msg>
<status status="PASS" starttime="20230126 22:34:02.883" endtime="20230126 22:34:04.179"/>
</kw>
<kw name="Maximize Browser Window" library="SeleniumLibrary">
<doc>Maximizes current browser window.</doc>
<status status="PASS" starttime="20230126 22:34:04.179" endtime="20230126 22:34:04.302"/>
</kw>
<status status="PASS" starttime="20230126 22:34:02.882" endtime="20230126 22:34:04.303"/>
</kw>
<test id="s1-t1" name="launch isg" line="11">
<kw name="Loard google" library="GotoIsg">
<kw name="Go To" library="SeleniumLibrary">
<arg>${URL}</arg>
<doc>Navigates the current browser window to the provided ``url``.</doc>
<msg timestamp="20230126 22:34:04.308" level="INFO">Opening url 'https://www.google.com/'</msg>
<status status="PASS" starttime="20230126 22:34:04.307" endtime="20230126 22:34:04.683"/>
</kw>
<kw name="Click Element" library="SeleniumLibrary">
<arg>//*[@id="L2AGLb"]</arg>
<doc>Click the element identified by ``locator``.</doc>
<msg timestamp="20230126 22:34:04.684" level="INFO">Clicking element '//*[@id="L2AGLb"]'.</msg>
<status status="PASS" starttime="20230126 22:34:04.684" endtime="20230126 22:34:04.728"/>
</kw>
<kw name="Wait Until Page Contains" library="SeleniumLibrary">
<arg>Google</arg>
<doc>Waits until ``text`` appears on the current page.</doc>
<status status="PASS" starttime="20230126 22:34:04.728" endtime="20230126 22:34:04.742"/>
</kw>
<status status="PASS" starttime="20230126 22:34:04.305" endtime="20230126 22:34:04.743"/>
</kw>
<kw name="Search Bruneau" library="GotoIsg">
<kw name="Clear Element Text" library="SeleniumLibrary">
<arg>xpath=/html/body/div[1]/div[3]/form/div[1]/div[1]/div[1]/div/div[2]/input</arg>
<doc>Clears the value of the text-input-element identified by ``locator``.</doc>
<status status="PASS" starttime="20230126 22:34:04.744" endtime="20230126 22:34:04.790"/>
</kw>
<kw name="Input Text" library="SeleniumLibrary">
<arg>xpath=/html/body/div[1]/div[3]/form/div[1]/div[1]/div[1]/div/div[2]/input</arg>
<arg>${Isg}</arg>
<doc>Types the given ``text`` into the text field identified by ``locator``.</doc>
<msg timestamp="20230126 22:34:04.792" level="INFO">Typing text 'Bruneau' into text field 'xpath=/html/body/div[1]/div[3]/form/div[1]/div[1]/div[1]/div/div[2]/input'.</msg>
<status status="PASS" starttime="20230126 22:34:04.790" endtime="20230126 22:34:04.976"/>
</kw>
<kw name="Click Element" library="SeleniumLibrary">
<arg>class=gNO89b</arg>
<doc>Click the element identified by ``locator``.</doc>
<msg timestamp="20230126 22:34:04.977" level="INFO">Clicking element 'class=gNO89b'.</msg>
<status status="PASS" starttime="20230126 22:34:04.976" endtime="20230126 22:34:07.407"/>
</kw>
<kw name="Wait Until Page Contains" library="SeleniumLibrary">
<arg>Images</arg>
<doc>Waits until ``text`` appears on the current page.</doc>
<status status="PASS" starttime="20230126 22:34:07.408" endtime="20230126 22:34:07.439"/>
</kw>
<status status="PASS" starttime="20230126 22:34:04.743" endtime="20230126 22:34:07.440"/>
</kw>
<kw name="Go to Bruneau.fr" library="GotoIsg">
<kw name="Click Element" library="SeleniumLibrary">
<arg>//*[@id="tads"]/div/div/div/div/div[1]/a/div[1]/span</arg>
<doc>Click the element identified by ``locator``.</doc>
<msg timestamp="20230126 22:34:07.441" level="INFO">Clicking element '//*[@id="tads"]/div/div/div/div/div[1]/a/div[1]/span'.</msg>
<status status="PASS" starttime="20230126 22:34:07.441" endtime="20230126 22:34:09.682"/>
</kw>
<kw name="Wait Until Page Contains" library="SeleniumLibrary">
<arg>Bruneau</arg>
<doc>Waits until ``text`` appears on the current page.</doc>
<status status="PASS" starttime="20230126 22:34:09.683" endtime="20230126 22:34:09.710"/>
</kw>
<kw name="Sleep" library="BuiltIn">
<arg>2</arg>
<doc>Pauses the test executed for the given time.</doc>
<msg timestamp="20230126 22:34:11.712" level="INFO">Slept 2 seconds</msg>
<status status="PASS" starttime="20230126 22:34:09.710" endtime="20230126 22:34:11.712"/>
</kw>
<status status="PASS" starttime="20230126 22:34:07.440" endtime="20230126 22:34:11.712"/>
</kw>
<status status="PASS" starttime="20230126 22:34:04.303" endtime="20230126 22:34:11.712"/>
</test>
<test id="s1-t2" name="Search some product &amp; put it on the basket" line="16">
<kw name="Search a reference" library="GotoIsg">
<kw name="Click Element" library="SeleniumLibrary">
<arg>//*[@id="onetrust-accept-btn-container"]</arg>
<doc>Click the element identified by ``locator``.</doc>
<msg timestamp="20230126 22:34:11.724" level="INFO">Clicking element '//*[@id="onetrust-accept-btn-container"]'.</msg>
<status status="PASS" starttime="20230126 22:34:11.724" endtime="20230126 22:34:11.963"/>
</kw>
<kw name="Click Element" library="SeleniumLibrary">
<arg>//*[@id="isg-header-search"]/form/div/input</arg>
<doc>Click the element identified by ``locator``.</doc>
<msg timestamp="20230126 22:34:11.965" level="INFO">Clicking element '//*[@id="isg-header-search"]/form/div/input'.</msg>
<status status="PASS" starttime="20230126 22:34:11.963" endtime="20230126 22:34:12.327"/>
</kw>
<kw name="Clear Element Text" library="SeleniumLibrary">
<arg>//*[@id="isg-header-search"]/form/div/input</arg>
<doc>Clears the value of the text-input-element identified by ``locator``.</doc>
<status status="PASS" starttime="20230126 22:34:12.327" endtime="20230126 22:34:12.496"/>
</kw>
<kw name="Input Text" library="SeleniumLibrary">
<arg>//*[@id="isg-header-search"]/form/div/input</arg>
<arg>15101</arg>
<doc>Types the given ``text`` into the text field identified by ``locator``.</doc>
<msg timestamp="20230126 22:34:12.497" level="INFO">Typing text '15101' into text field '//*[@id="isg-header-search"]/form/div/input'.</msg>
<status status="PASS" starttime="20230126 22:34:12.496" endtime="20230126 22:34:12.616"/>
</kw>
<kw name="Click Element" library="SeleniumLibrary">
<arg>//*[@id="isg-header-search"]/form/button[2]/i</arg>
<doc>Click the element identified by ``locator``.</doc>
<msg timestamp="20230126 22:34:12.617" level="INFO">Clicking element '//*[@id="isg-header-search"]/form/button[2]/i'.</msg>
<status status="PASS" starttime="20230126 22:34:12.616" endtime="20230126 22:34:12.685"/>
</kw>
<kw name="Wait Until Page Contains" library="SeleniumLibrary">
<arg>Référence : 15101</arg>
<doc>Waits until ``text`` appears on the current page.</doc>
<status status="PASS" starttime="20230126 22:34:12.685" endtime="20230126 22:34:13.670"/>
</kw>
<status status="PASS" starttime="20230126 22:34:11.723" endtime="20230126 22:34:13.671"/>
</kw>
<kw name="Put a reference on a basket" library="GotoIsg">
<kw name="Click Element" library="SeleniumLibrary">
<arg>//*[@id="isg-product-offer-quantity"]/div/div/span[2]/input</arg>
<doc>Click the element identified by ``locator``.</doc>
<msg timestamp="20230126 22:34:13.673" level="INFO">Clicking element '//*[@id="isg-product-offer-quantity"]/div/div/span[2]/input'.</msg>
<msg timestamp="20230126 22:34:14.235" level="INFO" html="true">&lt;/td&gt;&lt;/tr&gt;&lt;tr&gt;&lt;td colspan="3"&gt;&lt;a href="selenium-screenshot-29.png"&gt;&lt;img src="selenium-screenshot-29.png" width="800px"&gt;&lt;/a&gt;</msg>
<msg timestamp="20230126 22:34:14.235" level="FAIL">Element with locator '//*[@id="isg-product-offer-quantity"]/div/div/span[2]/input' not found.</msg>
<status status="FAIL" starttime="20230126 22:34:13.672" endtime="20230126 22:34:14.238"/>
</kw>
<kw name="Clear Element Text" library="SeleniumLibrary">
<arg>//*[@id="isg-product-offer-quantity"]/div/div/span[2]/input</arg>
<doc>Clears the value of the text-input-element identified by ``locator``.</doc>
<status status="NOT RUN" starttime="20230126 22:34:14.238" endtime="20230126 22:34:14.239"/>
</kw>
<kw name="Input Text" library="SeleniumLibrary">
<arg>//*[@id="isg-product-offer-quantity"]/div/div/span[2]/input</arg>
<arg>10</arg>
<doc>Types the given ``text`` into the text field identified by ``locator``.</doc>
<status status="NOT RUN" starttime="20230126 22:34:14.239" endtime="20230126 22:34:14.239"/>
</kw>
<kw name="Wait Until Page Contains" library="SeleniumLibrary">
<arg>Référence : 15101</arg>
<doc>Waits until ``text`` appears on the current page.</doc>
<status status="NOT RUN" starttime="20230126 22:34:14.239" endtime="20230126 22:34:14.239"/>
</kw>
<kw name="Click Element" library="SeleniumLibrary">
<arg>//*[@id="isg-product-offer-container"]/form/div[2]/button/span</arg>
<doc>Click the element identified by ``locator``.</doc>
<status status="NOT RUN" starttime="20230126 22:34:14.240" endtime="20230126 22:34:14.240"/>
</kw>
<kw name="Wait Until Page Contains" library="SeleniumLibrary">
<arg>Référence : 15101</arg>
<doc>Waits until ``text`` appears on the current page.</doc>
<status status="NOT RUN" starttime="20230126 22:34:14.240" endtime="20230126 22:34:14.240"/>
</kw>
<kw name="Click Element" library="SeleniumLibrary">
<arg>//*[@id="isg-header-cart"]/a</arg>
<doc>Click the element identified by ``locator``.</doc>
<status status="NOT RUN" starttime="20230126 22:34:14.240" endtime="20230126 22:34:14.240"/>
</kw>
<status status="FAIL" starttime="20230126 22:34:13.671" endtime="20230126 22:34:14.240"/>
</kw>
<status status="FAIL" starttime="20230126 22:34:11.720" endtime="20230126 22:34:14.241">Element with locator '//*[@id="isg-product-offer-quantity"]/div/div/span[2]/input' not found.</status>
</test>
<kw name="End testing" library="Commons" type="TEARDOWN">
<kw name="Close Browser" library="SeleniumLibrary">
<doc>Closes the current browser.</doc>
<status status="PASS" starttime="20230126 22:34:14.243" endtime="20230126 22:34:16.657"/>
</kw>
<status status="PASS" starttime="20230126 22:34:14.243" endtime="20230126 22:34:16.657"/>
</kw>
<status status="FAIL" starttime="20230126 22:34:02.644" endtime="20230126 22:34:16.657"/>
</suite>
<statistics>
<total>
<stat pass="1" fail="1" skip="0">All Tests</stat>
</total>
<tag>
</tag>
<suite>
<stat pass="1" fail="1" skip="0" id="s1" name="Main">Main</stat>
</suite>
</statistics>
<errors>
</errors>
</robot>
