<?xml version="1.0" encoding="UTF-8"?>
<robot generator="Robot 6.0.2 (Python 3.9.10 on win32)" generated="20230216 14:21:40.794" rpa="false" schemaversion="3">
<suite id="s1" name="Main" source="C:\Users\Golden boy\OneDrive - H3 Campus\Bureau\my_own_robot\Projet test ISG\Tests\Main.robot">
<kw name="Start testing" library="Commons" type="SETUP">
<kw name="Open Browser" library="SeleniumLibrary">
<arg>about:blank</arg>
<arg>${nav}</arg>
<doc>Opens a new browser instance to the optional ``url``.</doc>
<msg timestamp="20230216 14:21:41.044" level="INFO">Opening browser 'chrome' to base url 'about:blank'.</msg>
<status status="PASS" starttime="20230216 14:21:41.043" endtime="20230216 14:21:42.484"/>
</kw>
<kw name="Maximize Browser Window" library="SeleniumLibrary">
<doc>Maximizes current browser window.</doc>
<status status="PASS" starttime="20230216 14:21:42.485" endtime="20230216 14:21:42.631"/>
</kw>
<status status="PASS" starttime="20230216 14:21:41.043" endtime="20230216 14:21:42.631"/>
</kw>
<test id="s1-t1" name="launch isg" line="11">
<kw name="Loard google" library="GotoIsg">
<kw name="Go To" library="SeleniumLibrary">
<arg>${URL}</arg>
<doc>Navigates the current browser window to the provided ``url``.</doc>
<msg timestamp="20230216 14:21:42.635" level="INFO">Opening url 'https://www.google.com/'</msg>
<status status="PASS" starttime="20230216 14:21:42.634" endtime="20230216 14:21:43.102"/>
</kw>
<kw name="Click Element" library="SeleniumLibrary">
<arg>//*[@id="L2AGLb"]</arg>
<doc>Click the element identified by ``locator``.</doc>
<msg timestamp="20230216 14:21:43.104" level="INFO">Clicking element '//*[@id="L2AGLb"]'.</msg>
<status status="PASS" starttime="20230216 14:21:43.103" endtime="20230216 14:21:43.163"/>
</kw>
<kw name="Wait Until Page Contains" library="SeleniumLibrary">
<arg>Google</arg>
<doc>Waits until ``text`` appears on the current page.</doc>
<status status="PASS" starttime="20230216 14:21:43.163" endtime="20230216 14:21:43.187"/>
</kw>
<status status="PASS" starttime="20230216 14:21:42.634" endtime="20230216 14:21:43.188"/>
</kw>
<kw name="Search Bruneau" library="GotoIsg">
<kw name="Clear Element Text" library="SeleniumLibrary">
<arg>xpath=/html/body/div[1]/div[3]/form/div[1]/div[1]/div[1]/div/div[2]/input</arg>
<doc>Clears the value of the text-input-element identified by ``locator``.</doc>
<status status="PASS" starttime="20230216 14:21:43.189" endtime="20230216 14:21:43.245"/>
</kw>
<kw name="Input Text" library="SeleniumLibrary">
<arg>xpath=/html/body/div[1]/div[3]/form/div[1]/div[1]/div[1]/div/div[2]/input</arg>
<arg>${Isg}</arg>
<doc>Types the given ``text`` into the text field identified by ``locator``.</doc>
<msg timestamp="20230216 14:21:43.246" level="INFO">Typing text 'Bruneau' into text field 'xpath=/html/body/div[1]/div[3]/form/div[1]/div[1]/div[1]/div/div[2]/input'.</msg>
<status status="PASS" starttime="20230216 14:21:43.245" endtime="20230216 14:21:43.557"/>
</kw>
<kw name="Click Element" library="SeleniumLibrary">
<arg>class=gNO89b</arg>
<doc>Click the element identified by ``locator``.</doc>
<msg timestamp="20230216 14:21:43.557" level="INFO">Clicking element 'class=gNO89b'.</msg>
<status status="PASS" starttime="20230216 14:21:43.557" endtime="20230216 14:21:45.652"/>
</kw>
<kw name="Wait Until Page Contains" library="SeleniumLibrary">
<arg>Images</arg>
<doc>Waits until ``text`` appears on the current page.</doc>
<status status="PASS" starttime="20230216 14:21:45.652" endtime="20230216 14:21:45.678"/>
</kw>
<status status="PASS" starttime="20230216 14:21:43.189" endtime="20230216 14:21:45.678"/>
</kw>
<kw name="Go to Bruneau.fr" library="GotoIsg">
<kw name="Click Element" library="SeleniumLibrary">
<arg>//*[@id="tads"]/div/div/div/div/div[1]/a/div[1]/span</arg>
<doc>Click the element identified by ``locator``.</doc>
<msg timestamp="20230216 14:21:45.680" level="INFO">Clicking element '//*[@id="tads"]/div/div/div/div/div[1]/a/div[1]/span'.</msg>
<status status="PASS" starttime="20230216 14:21:45.679" endtime="20230216 14:21:46.644"/>
</kw>
<kw name="Wait Until Page Contains" library="SeleniumLibrary">
<arg>Bruneau</arg>
<doc>Waits until ``text`` appears on the current page.</doc>
<status status="PASS" starttime="20230216 14:21:46.644" endtime="20230216 14:21:46.737"/>
</kw>
<kw name="Sleep" library="BuiltIn">
<arg>2</arg>
<doc>Pauses the test executed for the given time.</doc>
<msg timestamp="20230216 14:21:48.750" level="INFO">Slept 2 seconds</msg>
<status status="PASS" starttime="20230216 14:21:46.737" endtime="20230216 14:21:48.751"/>
</kw>
<status status="PASS" starttime="20230216 14:21:45.679" endtime="20230216 14:21:48.751"/>
</kw>
<status status="PASS" starttime="20230216 14:21:42.632" endtime="20230216 14:21:48.753"/>
</test>
<test id="s1-t2" name="Search some product &amp; put it on the basket" line="16">
<kw name="Search a reference" library="GotoIsg">
<kw name="Click Element" library="SeleniumLibrary">
<arg>//*[@id="onetrust-accept-btn-container"]</arg>
<doc>Click the element identified by ``locator``.</doc>
<msg timestamp="20230216 14:21:48.760" level="INFO">Clicking element '//*[@id="onetrust-accept-btn-container"]'.</msg>
<status status="PASS" starttime="20230216 14:21:48.759" endtime="20230216 14:21:48.862"/>
</kw>
<kw name="Click Element" library="SeleniumLibrary">
<arg>//*[@id="isg-header-search"]/form/div/input</arg>
<doc>Click the element identified by ``locator``.</doc>
<msg timestamp="20230216 14:21:48.865" level="INFO">Clicking element '//*[@id="isg-header-search"]/form/div/input'.</msg>
<status status="PASS" starttime="20230216 14:21:48.862" endtime="20230216 14:21:49.404"/>
</kw>
<kw name="Clear Element Text" library="SeleniumLibrary">
<arg>//*[@id="isg-header-search"]/form/div/input</arg>
<doc>Clears the value of the text-input-element identified by ``locator``.</doc>
<status status="PASS" starttime="20230216 14:21:49.404" endtime="20230216 14:21:49.441"/>
</kw>
<kw name="Input Text" library="SeleniumLibrary">
<arg>//*[@id="isg-header-search"]/form/div/input</arg>
<arg>15101</arg>
<doc>Types the given ``text`` into the text field identified by ``locator``.</doc>
<msg timestamp="20230216 14:21:49.442" level="INFO">Typing text '15101' into text field '//*[@id="isg-header-search"]/form/div/input'.</msg>
<status status="PASS" starttime="20230216 14:21:49.441" endtime="20230216 14:21:49.569"/>
</kw>
<kw name="Click Element" library="SeleniumLibrary">
<arg>//*[@id="isg-header-search"]/form/button[2]/i</arg>
<doc>Click the element identified by ``locator``.</doc>
<msg timestamp="20230216 14:21:49.570" level="INFO">Clicking element '//*[@id="isg-header-search"]/form/button[2]/i'.</msg>
<status status="PASS" starttime="20230216 14:21:49.569" endtime="20230216 14:21:49.627"/>
</kw>
<kw name="Wait Until Page Contains" library="SeleniumLibrary">
<arg>Référence : 15101</arg>
<doc>Waits until ``text`` appears on the current page.</doc>
<status status="PASS" starttime="20230216 14:21:49.628" endtime="20230216 14:21:50.702"/>
</kw>
<status status="PASS" starttime="20230216 14:21:48.758" endtime="20230216 14:21:50.702"/>
</kw>
<kw name="Put a reference on a basket" library="GotoIsg">
<kw name="Click Element" library="SeleniumLibrary">
<arg>//*[@id="isg-product-offer-quantity"]/div/div/span[2]/input</arg>
<doc>Click the element identified by ``locator``.</doc>
<msg timestamp="20230216 14:21:50.705" level="INFO">Clicking element '//*[@id="isg-product-offer-quantity"]/div/div/span[2]/input'.</msg>
<status status="PASS" starttime="20230216 14:21:50.704" endtime="20230216 14:21:50.988"/>
</kw>
<kw name="Clear Element Text" library="SeleniumLibrary">
<arg>//*[@id="isg-product-offer-quantity"]/div/div/span[2]/input</arg>
<doc>Clears the value of the text-input-element identified by ``locator``.</doc>
<status status="PASS" starttime="20230216 14:21:50.988" endtime="20230216 14:21:51.540"/>
</kw>
<kw name="Input Text" library="SeleniumLibrary">
<arg>//*[@id="isg-product-offer-quantity"]/div/div/span[2]/input</arg>
<arg>10</arg>
<doc>Types the given ``text`` into the text field identified by ``locator``.</doc>
<msg timestamp="20230216 14:21:51.541" level="INFO">Typing text '10' into text field '//*[@id="isg-product-offer-quantity"]/div/div/span[2]/input'.</msg>
<status status="PASS" starttime="20230216 14:21:51.540" endtime="20230216 14:21:51.860"/>
</kw>
<kw name="Wait Until Page Contains" library="SeleniumLibrary">
<arg>Référence : 15101</arg>
<doc>Waits until ``text`` appears on the current page.</doc>
<status status="PASS" starttime="20230216 14:21:51.860" endtime="20230216 14:21:51.870"/>
</kw>
<kw name="Click Element" library="SeleniumLibrary">
<arg>//*[@id="isg-product-offer-container"]/form/div[2]/button/span</arg>
<doc>Click the element identified by ``locator``.</doc>
<msg timestamp="20230216 14:21:51.871" level="INFO">Clicking element '//*[@id="isg-product-offer-container"]/form/div[2]/button/span'.</msg>
<status status="PASS" starttime="20230216 14:21:51.870" endtime="20230216 14:21:51.922"/>
</kw>
<kw name="Wait Until Page Contains" library="SeleniumLibrary">
<arg>Référence : 15101</arg>
<doc>Waits until ``text`` appears on the current page.</doc>
<status status="PASS" starttime="20230216 14:21:51.922" endtime="20230216 14:21:51.932"/>
</kw>
<kw name="Click Element" library="SeleniumLibrary">
<arg>id=isg-header-cart</arg>
<doc>Click the element identified by ``locator``.</doc>
<msg timestamp="20230216 14:21:51.933" level="INFO">Clicking element 'id=isg-header-cart'.</msg>
<status status="PASS" starttime="20230216 14:21:51.932" endtime="20230216 14:21:51.984"/>
</kw>
<status status="PASS" starttime="20230216 14:21:50.703" endtime="20230216 14:21:51.985"/>
</kw>
<status status="PASS" starttime="20230216 14:21:48.757" endtime="20230216 14:21:51.985"/>
</test>
<kw name="End testing" library="Commons" type="TEARDOWN">
<kw name="Close Browser" library="SeleniumLibrary">
<doc>Closes the current browser.</doc>
<status status="PASS" starttime="20230216 14:21:51.989" endtime="20230216 14:21:54.531"/>
</kw>
<status status="PASS" starttime="20230216 14:21:51.988" endtime="20230216 14:21:54.531"/>
</kw>
<status status="PASS" starttime="20230216 14:21:40.797" endtime="20230216 14:21:54.531"/>
</suite>
<statistics>
<total>
<stat pass="2" fail="0" skip="0">All Tests</stat>
</total>
<tag>
</tag>
<suite>
<stat pass="2" fail="0" skip="0" id="s1" name="Main">Main</stat>
</suite>
</statistics>
<errors>
</errors>
</robot>
