<?xml version="1.0" encoding="UTF-8"?>
<robot generator="Robot 6.0.2 (Python 3.9.10 on win32)" generated="20230130 16:04:15.905" rpa="false" schemaversion="3">
<suite id="s1" name="Main" source="C:\Users\Golden boy\OneDrive - H3 Campus\Bureau\my_own_robot\Projet test ISG\Tests\Main.robot">
<kw name="Start testing" library="Commons" type="SETUP">
<kw name="Open Browser" library="SeleniumLibrary">
<arg>about:blank</arg>
<arg>${nav}</arg>
<doc>Opens a new browser instance to the optional ``url``.</doc>
<msg timestamp="20230130 16:04:16.172" level="INFO">Opening browser 'chrome' to base url 'about:blank'.</msg>
<status status="PASS" starttime="20230130 16:04:16.171" endtime="20230130 16:04:17.561"/>
</kw>
<kw name="Maximize Browser Window" library="SeleniumLibrary">
<doc>Maximizes current browser window.</doc>
<status status="PASS" starttime="20230130 16:04:17.561" endtime="20230130 16:04:17.691"/>
</kw>
<status status="PASS" starttime="20230130 16:04:16.171" endtime="20230130 16:04:17.691"/>
</kw>
<test id="s1-t1" name="launch isg" line="11">
<kw name="Loard google" library="GotoIsg">
<kw name="Go To" library="SeleniumLibrary">
<arg>${URL}</arg>
<doc>Navigates the current browser window to the provided ``url``.</doc>
<msg timestamp="20230130 16:04:17.694" level="INFO">Opening url 'https://www.google.com/'</msg>
<status status="PASS" starttime="20230130 16:04:17.693" endtime="20230130 16:04:18.692"/>
</kw>
<kw name="Click Element" library="SeleniumLibrary">
<arg>//*[@id="L2AGLb"]</arg>
<doc>Click the element identified by ``locator``.</doc>
<msg timestamp="20230130 16:04:18.693" level="INFO">Clicking element '//*[@id="L2AGLb"]'.</msg>
<status status="PASS" starttime="20230130 16:04:18.692" endtime="20230130 16:04:18.746"/>
</kw>
<kw name="Wait Until Page Contains" library="SeleniumLibrary">
<arg>Google</arg>
<doc>Waits until ``text`` appears on the current page.</doc>
<status status="PASS" starttime="20230130 16:04:18.746" endtime="20230130 16:04:18.863"/>
</kw>
<status status="PASS" starttime="20230130 16:04:17.693" endtime="20230130 16:04:18.864"/>
</kw>
<kw name="Search Bruneau" library="GotoIsg">
<kw name="Clear Element Text" library="SeleniumLibrary">
<arg>xpath=/html/body/div[1]/div[3]/form/div[1]/div[1]/div[1]/div/div[2]/input</arg>
<doc>Clears the value of the text-input-element identified by ``locator``.</doc>
<status status="PASS" starttime="20230130 16:04:18.868" endtime="20230130 16:04:18.970"/>
</kw>
<kw name="Input Text" library="SeleniumLibrary">
<arg>xpath=/html/body/div[1]/div[3]/form/div[1]/div[1]/div[1]/div/div[2]/input</arg>
<arg>${Isg}</arg>
<doc>Types the given ``text`` into the text field identified by ``locator``.</doc>
<msg timestamp="20230130 16:04:18.971" level="INFO">Typing text 'Bruneau' into text field 'xpath=/html/body/div[1]/div[3]/form/div[1]/div[1]/div[1]/div/div[2]/input'.</msg>
<status status="PASS" starttime="20230130 16:04:18.970" endtime="20230130 16:04:19.145"/>
</kw>
<kw name="Click Element" library="SeleniumLibrary">
<arg>class=gNO89b</arg>
<doc>Click the element identified by ``locator``.</doc>
<msg timestamp="20230130 16:04:19.146" level="INFO">Clicking element 'class=gNO89b'.</msg>
<status status="PASS" starttime="20230130 16:04:19.145" endtime="20230130 16:04:22.177"/>
</kw>
<kw name="Wait Until Page Contains" library="SeleniumLibrary">
<arg>Images</arg>
<doc>Waits until ``text`` appears on the current page.</doc>
<status status="PASS" starttime="20230130 16:04:22.177" endtime="20230130 16:04:22.222"/>
</kw>
<status status="PASS" starttime="20230130 16:04:18.866" endtime="20230130 16:04:22.222"/>
</kw>
<kw name="Go to Bruneau.fr" library="GotoIsg">
<kw name="Click Element" library="SeleniumLibrary">
<arg>//*[@id="tads"]/div/div/div/div/div[1]/a/div[1]/span</arg>
<doc>Click the element identified by ``locator``.</doc>
<msg timestamp="20230130 16:04:22.223" level="INFO">Clicking element '//*[@id="tads"]/div/div/div/div/div[1]/a/div[1]/span'.</msg>
<status status="PASS" starttime="20230130 16:04:22.223" endtime="20230130 16:04:24.332"/>
</kw>
<kw name="Wait Until Page Contains" library="SeleniumLibrary">
<arg>Bruneau</arg>
<doc>Waits until ``text`` appears on the current page.</doc>
<status status="PASS" starttime="20230130 16:04:24.332" endtime="20230130 16:04:24.370"/>
</kw>
<kw name="Sleep" library="BuiltIn">
<arg>2</arg>
<doc>Pauses the test executed for the given time.</doc>
<msg timestamp="20230130 16:04:26.371" level="INFO">Slept 2 seconds</msg>
<status status="PASS" starttime="20230130 16:04:24.371" endtime="20230130 16:04:26.372"/>
</kw>
<status status="PASS" starttime="20230130 16:04:22.223" endtime="20230130 16:04:26.372"/>
</kw>
<status status="PASS" starttime="20230130 16:04:17.691" endtime="20230130 16:04:26.373"/>
</test>
<test id="s1-t2" name="Search some product &amp; put it on the basket" line="16">
<kw name="Search a reference" library="GotoIsg">
<kw name="Click Element" library="SeleniumLibrary">
<arg>//*[@id="onetrust-accept-btn-container"]</arg>
<doc>Click the element identified by ``locator``.</doc>
<msg timestamp="20230130 16:04:26.387" level="INFO">Clicking element '//*[@id="onetrust-accept-btn-container"]'.</msg>
<status status="PASS" starttime="20230130 16:04:26.384" endtime="20230130 16:04:26.625"/>
</kw>
<kw name="Click Element" library="SeleniumLibrary">
<arg>//*[@id="isg-header-search"]/form/div/input</arg>
<doc>Click the element identified by ``locator``.</doc>
<msg timestamp="20230130 16:04:26.626" level="INFO">Clicking element '//*[@id="isg-header-search"]/form/div/input'.</msg>
<status status="PASS" starttime="20230130 16:04:26.625" endtime="20230130 16:04:27.025"/>
</kw>
<kw name="Clear Element Text" library="SeleniumLibrary">
<arg>//*[@id="isg-header-search"]/form/div/input</arg>
<doc>Clears the value of the text-input-element identified by ``locator``.</doc>
<status status="PASS" starttime="20230130 16:04:27.025" endtime="20230130 16:04:27.062"/>
</kw>
<kw name="Input Text" library="SeleniumLibrary">
<arg>//*[@id="isg-header-search"]/form/div/input</arg>
<arg>15101</arg>
<doc>Types the given ``text`` into the text field identified by ``locator``.</doc>
<msg timestamp="20230130 16:04:27.063" level="INFO">Typing text '15101' into text field '//*[@id="isg-header-search"]/form/div/input'.</msg>
<status status="PASS" starttime="20230130 16:04:27.062" endtime="20230130 16:04:27.191"/>
</kw>
<kw name="Click Element" library="SeleniumLibrary">
<arg>//*[@id="isg-header-search"]/form/button[2]/i</arg>
<doc>Click the element identified by ``locator``.</doc>
<msg timestamp="20230130 16:04:27.191" level="INFO">Clicking element '//*[@id="isg-header-search"]/form/button[2]/i'.</msg>
<status status="PASS" starttime="20230130 16:04:27.191" endtime="20230130 16:04:27.234"/>
</kw>
<kw name="Wait Until Page Contains" library="SeleniumLibrary">
<arg>Référence : 15101</arg>
<doc>Waits until ``text`` appears on the current page.</doc>
<status status="PASS" starttime="20230130 16:04:27.234" endtime="20230130 16:04:28.746"/>
</kw>
<status status="PASS" starttime="20230130 16:04:26.380" endtime="20230130 16:04:28.746"/>
</kw>
<kw name="Put a reference on a basket" library="GotoIsg">
<kw name="Click Element" library="SeleniumLibrary">
<arg>//*[@id="isg-product-offer-quantity"]/div/div/span[2]/input</arg>
<doc>Click the element identified by ``locator``.</doc>
<msg timestamp="20230130 16:04:28.752" level="INFO">Clicking element '//*[@id="isg-product-offer-quantity"]/div/div/span[2]/input'.</msg>
<status status="PASS" starttime="20230130 16:04:28.751" endtime="20230130 16:04:28.917"/>
</kw>
<kw name="Clear Element Text" library="SeleniumLibrary">
<arg>//*[@id="isg-product-offer-quantity"]/div/div/span[2]/input</arg>
<doc>Clears the value of the text-input-element identified by ``locator``.</doc>
<status status="PASS" starttime="20230130 16:04:28.918" endtime="20230130 16:04:29.012"/>
</kw>
<kw name="Input Text" library="SeleniumLibrary">
<arg>//*[@id="isg-product-offer-quantity"]/div/div/span[2]/input</arg>
<arg>10</arg>
<doc>Types the given ``text`` into the text field identified by ``locator``.</doc>
<msg timestamp="20230130 16:04:29.013" level="INFO">Typing text '10' into text field '//*[@id="isg-product-offer-quantity"]/div/div/span[2]/input'.</msg>
<status status="PASS" starttime="20230130 16:04:29.012" endtime="20230130 16:04:29.134"/>
</kw>
<kw name="Wait Until Page Contains" library="SeleniumLibrary">
<arg>Référence : 15101</arg>
<doc>Waits until ``text`` appears on the current page.</doc>
<status status="PASS" starttime="20230130 16:04:29.135" endtime="20230130 16:04:29.153"/>
</kw>
<kw name="Click Element" library="SeleniumLibrary">
<arg>//*[@id="isg-product-offer-container"]/form/div[2]/button/span</arg>
<doc>Click the element identified by ``locator``.</doc>
<msg timestamp="20230130 16:04:29.154" level="INFO">Clicking element '//*[@id="isg-product-offer-container"]/form/div[2]/button/span'.</msg>
<status status="PASS" starttime="20230130 16:04:29.154" endtime="20230130 16:04:29.310"/>
</kw>
<kw name="Wait Until Page Contains" library="SeleniumLibrary">
<arg>Référence : 15101</arg>
<doc>Waits until ``text`` appears on the current page.</doc>
<status status="PASS" starttime="20230130 16:04:29.310" endtime="20230130 16:04:29.330"/>
</kw>
<kw name="Click Element" library="SeleniumLibrary">
<arg>id=isg-header-cart</arg>
<doc>Click the element identified by ``locator``.</doc>
<msg timestamp="20230130 16:04:29.332" level="INFO">Clicking element 'id=isg-header-cart'.</msg>
<status status="PASS" starttime="20230130 16:04:29.331" endtime="20230130 16:04:29.405"/>
</kw>
<status status="PASS" starttime="20230130 16:04:28.750" endtime="20230130 16:04:29.406"/>
</kw>
<status status="PASS" starttime="20230130 16:04:26.376" endtime="20230130 16:04:29.409"/>
</test>
<kw name="End testing" library="Commons" type="TEARDOWN">
<kw name="Close Browser" library="SeleniumLibrary">
<doc>Closes the current browser.</doc>
<status status="PASS" starttime="20230130 16:04:29.412" endtime="20230130 16:04:31.856"/>
</kw>
<status status="PASS" starttime="20230130 16:04:29.412" endtime="20230130 16:04:31.857"/>
</kw>
<status status="PASS" starttime="20230130 16:04:15.907" endtime="20230130 16:04:31.857"/>
</suite>
<statistics>
<total>
<stat pass="2" fail="0" skip="0">All Tests</stat>
</total>
<tag>
</tag>
<suite>
<stat pass="2" fail="0" skip="0" id="s1" name="Main">Main</stat>
</suite>
</statistics>
<errors>
</errors>
</robot>
