<?xml version="1.0" encoding="UTF-8"?>
<robot generator="Robot 6.0.2 (Python 3.9.10 on win32)" generated="20230128 15:58:28.350" rpa="false" schemaversion="3">
<suite id="s1" name="Main" source="C:\Users\Golden boy\OneDrive - H3 Campus\Bureau\my_own_robot\Projet test ISG\Tests\Main.robot">
<kw name="Start testing" library="Commons" type="SETUP">
<kw name="Open Browser" library="SeleniumLibrary">
<arg>about:blank</arg>
<arg>${nav}</arg>
<doc>Opens a new browser instance to the optional ``url``.</doc>
<msg timestamp="20230128 15:58:28.569" level="INFO">Opening browser 'chrome' to base url 'about:blank'.</msg>
<status status="PASS" starttime="20230128 15:58:28.569" endtime="20230128 15:58:29.727"/>
</kw>
<kw name="Maximize Browser Window" library="SeleniumLibrary">
<doc>Maximizes current browser window.</doc>
<status status="PASS" starttime="20230128 15:58:29.727" endtime="20230128 15:58:29.852"/>
</kw>
<status status="PASS" starttime="20230128 15:58:28.569" endtime="20230128 15:58:29.853"/>
</kw>
<test id="s1-t1" name="launch isg" line="11">
<kw name="Loard google" library="GotoIsg">
<kw name="Go To" library="SeleniumLibrary">
<arg>${URL}</arg>
<doc>Navigates the current browser window to the provided ``url``.</doc>
<msg timestamp="20230128 15:58:29.856" level="INFO">Opening url 'https://www.google.com/'</msg>
<status status="PASS" starttime="20230128 15:58:29.856" endtime="20230128 15:58:31.054"/>
</kw>
<kw name="Click Element" library="SeleniumLibrary">
<arg>//*[@id="L2AGLb"]</arg>
<doc>Click the element identified by ``locator``.</doc>
<msg timestamp="20230128 15:58:31.055" level="INFO">Clicking element '//*[@id="L2AGLb"]'.</msg>
<status status="PASS" starttime="20230128 15:58:31.054" endtime="20230128 15:58:31.098"/>
</kw>
<kw name="Wait Until Page Contains" library="SeleniumLibrary">
<arg>Google</arg>
<doc>Waits until ``text`` appears on the current page.</doc>
<status status="PASS" starttime="20230128 15:58:31.098" endtime="20230128 15:58:31.109"/>
</kw>
<status status="PASS" starttime="20230128 15:58:29.855" endtime="20230128 15:58:31.110"/>
</kw>
<kw name="Search Bruneau" library="GotoIsg">
<kw name="Clear Element Text" library="SeleniumLibrary">
<arg>xpath=/html/body/div[1]/div[3]/form/div[1]/div[1]/div[1]/div/div[2]/input</arg>
<doc>Clears the value of the text-input-element identified by ``locator``.</doc>
<status status="PASS" starttime="20230128 15:58:31.111" endtime="20230128 15:58:31.153"/>
</kw>
<kw name="Input Text" library="SeleniumLibrary">
<arg>xpath=/html/body/div[1]/div[3]/form/div[1]/div[1]/div[1]/div/div[2]/input</arg>
<arg>${Isg}</arg>
<doc>Types the given ``text`` into the text field identified by ``locator``.</doc>
<msg timestamp="20230128 15:58:31.154" level="INFO">Typing text 'Bruneau' into text field 'xpath=/html/body/div[1]/div[3]/form/div[1]/div[1]/div[1]/div/div[2]/input'.</msg>
<status status="PASS" starttime="20230128 15:58:31.154" endtime="20230128 15:58:31.364"/>
</kw>
<kw name="Click Element" library="SeleniumLibrary">
<arg>class=gNO89b</arg>
<doc>Click the element identified by ``locator``.</doc>
<msg timestamp="20230128 15:58:31.365" level="INFO">Clicking element 'class=gNO89b'.</msg>
<status status="PASS" starttime="20230128 15:58:31.365" endtime="20230128 15:58:33.042"/>
</kw>
<kw name="Wait Until Page Contains" library="SeleniumLibrary">
<arg>Images</arg>
<doc>Waits until ``text`` appears on the current page.</doc>
<status status="PASS" starttime="20230128 15:58:33.042" endtime="20230128 15:58:33.073"/>
</kw>
<status status="PASS" starttime="20230128 15:58:31.111" endtime="20230128 15:58:33.074"/>
</kw>
<kw name="Go to Bruneau.fr" library="GotoIsg">
<kw name="Click Element" library="SeleniumLibrary">
<arg>//*[@id="tads"]/div/div/div/div/div[1]/a/div[1]/span</arg>
<doc>Click the element identified by ``locator``.</doc>
<msg timestamp="20230128 15:58:33.075" level="INFO">Clicking element '//*[@id="tads"]/div/div/div/div/div[1]/a/div[1]/span'.</msg>
<status status="PASS" starttime="20230128 15:58:33.074" endtime="20230128 15:58:35.629"/>
</kw>
<kw name="Wait Until Page Contains" library="SeleniumLibrary">
<arg>Bruneau</arg>
<doc>Waits until ``text`` appears on the current page.</doc>
<status status="PASS" starttime="20230128 15:58:35.629" endtime="20230128 15:58:35.675"/>
</kw>
<kw name="Sleep" library="BuiltIn">
<arg>2</arg>
<doc>Pauses the test executed for the given time.</doc>
<msg timestamp="20230128 15:58:37.687" level="INFO">Slept 2 seconds</msg>
<status status="PASS" starttime="20230128 15:58:35.675" endtime="20230128 15:58:37.687"/>
</kw>
<status status="PASS" starttime="20230128 15:58:33.074" endtime="20230128 15:58:37.688"/>
</kw>
<status status="PASS" starttime="20230128 15:58:29.853" endtime="20230128 15:58:37.690"/>
</test>
<test id="s1-t2" name="Search some product &amp; put it on the basket" line="16">
<kw name="Search a reference" library="GotoIsg">
<kw name="Click Element" library="SeleniumLibrary">
<arg>//*[@id="onetrust-accept-btn-container"]</arg>
<doc>Click the element identified by ``locator``.</doc>
<msg timestamp="20230128 15:58:37.701" level="INFO">Clicking element '//*[@id="onetrust-accept-btn-container"]'.</msg>
<status status="PASS" starttime="20230128 15:58:37.699" endtime="20230128 15:58:37.801"/>
</kw>
<kw name="Click Element" library="SeleniumLibrary">
<arg>//*[@id="isg-header-search"]/form/div/input</arg>
<doc>Click the element identified by ``locator``.</doc>
<msg timestamp="20230128 15:58:37.804" level="INFO">Clicking element '//*[@id="isg-header-search"]/form/div/input'.</msg>
<status status="PASS" starttime="20230128 15:58:37.802" endtime="20230128 15:58:38.298"/>
</kw>
<kw name="Clear Element Text" library="SeleniumLibrary">
<arg>//*[@id="isg-header-search"]/form/div/input</arg>
<doc>Clears the value of the text-input-element identified by ``locator``.</doc>
<status status="PASS" starttime="20230128 15:58:38.298" endtime="20230128 15:58:38.327"/>
</kw>
<kw name="Input Text" library="SeleniumLibrary">
<arg>//*[@id="isg-header-search"]/form/div/input</arg>
<arg>15101</arg>
<doc>Types the given ``text`` into the text field identified by ``locator``.</doc>
<msg timestamp="20230128 15:58:38.328" level="INFO">Typing text '15101' into text field '//*[@id="isg-header-search"]/form/div/input'.</msg>
<status status="PASS" starttime="20230128 15:58:38.327" endtime="20230128 15:58:38.457"/>
</kw>
<kw name="Click Element" library="SeleniumLibrary">
<arg>//*[@id="isg-header-search"]/form/button[2]/i</arg>
<doc>Click the element identified by ``locator``.</doc>
<msg timestamp="20230128 15:58:38.458" level="INFO">Clicking element '//*[@id="isg-header-search"]/form/button[2]/i'.</msg>
<status status="PASS" starttime="20230128 15:58:38.457" endtime="20230128 15:58:38.505"/>
</kw>
<kw name="Wait Until Page Contains" library="SeleniumLibrary">
<arg>Référence : 15101</arg>
<doc>Waits until ``text`` appears on the current page.</doc>
<status status="PASS" starttime="20230128 15:58:38.505" endtime="20230128 15:58:39.430"/>
</kw>
<status status="PASS" starttime="20230128 15:58:37.698" endtime="20230128 15:58:39.431"/>
</kw>
<kw name="Put a reference on a basket" library="GotoIsg">
<kw name="Click Element" library="SeleniumLibrary">
<arg>//*[@id="isg-product-offer-quantity"]/div/div/span[2]/input</arg>
<doc>Click the element identified by ``locator``.</doc>
<msg timestamp="20230128 15:58:39.433" level="INFO">Clicking element '//*[@id="isg-product-offer-quantity"]/div/div/span[2]/input'.</msg>
<status status="PASS" starttime="20230128 15:58:39.432" endtime="20230128 15:58:39.792"/>
</kw>
<kw name="Clear Element Text" library="SeleniumLibrary">
<arg>//*[@id="isg-product-offer-quantity"]/div/div/span[2]/input</arg>
<doc>Clears the value of the text-input-element identified by ``locator``.</doc>
<status status="PASS" starttime="20230128 15:58:39.793" endtime="20230128 15:58:39.991"/>
</kw>
<kw name="Input Text" library="SeleniumLibrary">
<arg>//*[@id="isg-product-offer-quantity"]/div/div/span[2]/input</arg>
<arg>10</arg>
<doc>Types the given ``text`` into the text field identified by ``locator``.</doc>
<msg timestamp="20230128 15:58:39.992" level="INFO">Typing text '10' into text field '//*[@id="isg-product-offer-quantity"]/div/div/span[2]/input'.</msg>
<status status="PASS" starttime="20230128 15:58:39.992" endtime="20230128 15:58:40.363"/>
</kw>
<kw name="Wait Until Page Contains" library="SeleniumLibrary">
<arg>Référence : 15101</arg>
<doc>Waits until ``text`` appears on the current page.</doc>
<status status="PASS" starttime="20230128 15:58:40.363" endtime="20230128 15:58:40.376"/>
</kw>
<kw name="Click Element" library="SeleniumLibrary">
<arg>//*[@id="isg-product-offer-container"]/form/div[2]/button/span</arg>
<doc>Click the element identified by ``locator``.</doc>
<msg timestamp="20230128 15:58:40.377" level="INFO">Clicking element '//*[@id="isg-product-offer-container"]/form/div[2]/button/span'.</msg>
<status status="PASS" starttime="20230128 15:58:40.376" endtime="20230128 15:58:40.421"/>
</kw>
<kw name="Wait Until Page Contains" library="SeleniumLibrary">
<arg>Référence : 15101</arg>
<doc>Waits until ``text`` appears on the current page.</doc>
<status status="PASS" starttime="20230128 15:58:40.421" endtime="20230128 15:58:40.431"/>
</kw>
<kw name="Click Element" library="SeleniumLibrary">
<arg>id=isg-header-cart</arg>
<doc>Click the element identified by ``locator``.</doc>
<msg timestamp="20230128 15:58:40.431" level="INFO">Clicking element 'id=isg-header-cart'.</msg>
<status status="PASS" starttime="20230128 15:58:40.431" endtime="20230128 15:58:40.480"/>
</kw>
<status status="PASS" starttime="20230128 15:58:39.432" endtime="20230128 15:58:40.480"/>
</kw>
<status status="PASS" starttime="20230128 15:58:37.695" endtime="20230128 15:58:40.481"/>
</test>
<kw name="End testing" library="Commons" type="TEARDOWN">
<kw name="Close Browser" library="SeleniumLibrary">
<doc>Closes the current browser.</doc>
<status status="PASS" starttime="20230128 15:58:40.484" endtime="20230128 15:58:42.883"/>
</kw>
<status status="PASS" starttime="20230128 15:58:40.483" endtime="20230128 15:58:42.883"/>
</kw>
<status status="PASS" starttime="20230128 15:58:28.353" endtime="20230128 15:58:42.884"/>
</suite>
<statistics>
<total>
<stat pass="2" fail="0" skip="0">All Tests</stat>
</total>
<tag>
</tag>
<suite>
<stat pass="2" fail="0" skip="0" id="s1" name="Main">Main</stat>
</suite>
</statistics>
<errors>
</errors>
</robot>
