<?xml version="1.0" encoding="UTF-8"?>
<robot generator="Robot 6.0.2 (Python 3.9.10 on win32)" generated="20230125 00:04:39.026" rpa="false" schemaversion="3">
<suite id="s1" name="My Own Robot" source="C:\Users\Golden boy\OneDrive - H3 Campus\Bureau\my_own_robot">
<suite id="s1-s1" name="Projet robot 1" source="C:\Users\Golden boy\OneDrive - H3 Campus\Bureau\my_own_robot\Projet robot 1">
<suite id="s1-s1-s1" name="Tests" source="C:\Users\Golden boy\OneDrive - H3 Campus\Bureau\my_own_robot\Projet robot 1\Tests">
<suite id="s1-s1-s1-s1" name="Mail" source="C:\Users\Golden boy\OneDrive - H3 Campus\Bureau\my_own_robot\Projet robot 1\Tests\mail.robot">
<test id="s1-s1-s1-s1-t1" name="Main test" line="41">
<kw name="Acceder a google">
<kw name="Open Browser" library="SeleniumLibrary">
<arg>${url}</arg>
<arg>${navigator}</arg>
<doc>Opens a new browser instance to the optional ``url``.</doc>
<msg timestamp="20230125 00:04:39.503" level="INFO">Opening browser 'chrome' to base url 'https://www.google.com/'.</msg>
<status status="PASS" starttime="20230125 00:04:39.501" endtime="20230125 00:04:42.286"/>
</kw>
<kw name="Maximize Browser Window" library="SeleniumLibrary">
<doc>Maximizes current browser window.</doc>
<status status="PASS" starttime="20230125 00:04:42.286" endtime="20230125 00:04:42.404"/>
</kw>
<kw name="Click Element" library="SeleniumLibrary">
<arg>//*[@id="L2AGLb"]</arg>
<doc>Click the element identified by ``locator``.</doc>
<msg timestamp="20230125 00:04:42.406" level="INFO">Clicking element '//*[@id="L2AGLb"]'.</msg>
<status status="PASS" starttime="20230125 00:04:42.404" endtime="20230125 00:04:42.536"/>
</kw>
<kw name="Wait Until Page Contains" library="SeleniumLibrary">
<arg>Google</arg>
<doc>Waits until ``text`` appears on the current page.</doc>
<status status="PASS" starttime="20230125 00:04:42.538" endtime="20230125 00:04:42.566"/>
</kw>
<status status="PASS" starttime="20230125 00:04:39.501" endtime="20230125 00:04:42.567"/>
</kw>
<kw name="Acceder a gmail">
<kw name="Click Element" library="SeleniumLibrary">
<arg>//*[@id="gb"]/div/div[1]/div/div[1]/a</arg>
<doc>Click the element identified by ``locator``.</doc>
<msg timestamp="20230125 00:04:42.569" level="INFO">Clicking element '//*[@id="gb"]/div/div[1]/div/div[1]/a'.</msg>
<status status="PASS" starttime="20230125 00:04:42.568" endtime="20230125 00:04:43.857"/>
</kw>
<kw name="Wait Until Page Contains" library="SeleniumLibrary">
<arg>Connexion</arg>
<doc>Waits until ``text`` appears on the current page.</doc>
<status status="PASS" starttime="20230125 00:04:43.858" endtime="20230125 00:04:43.879"/>
</kw>
<kw name="Click Element" library="SeleniumLibrary">
<arg>css=a.button--medium</arg>
<doc>Click the element identified by ``locator``.</doc>
<msg timestamp="20230125 00:04:43.882" level="INFO">Clicking element 'css=a.button--medium'.</msg>
<status status="PASS" starttime="20230125 00:04:43.880" endtime="20230125 00:04:44.807"/>
</kw>
<kw name="Wait Until Page Contains" library="SeleniumLibrary">
<arg>Connexion</arg>
<doc>Waits until ``text`` appears on the current page.</doc>
<status status="PASS" starttime="20230125 00:04:44.808" endtime="20230125 00:04:44.847"/>
</kw>
<kw name="Clear Element Text" library="SeleniumLibrary">
<arg>//*[@id="identifierId"]</arg>
<doc>Clears the value of the text-input-element identified by ``locator``.</doc>
<status status="PASS" starttime="20230125 00:04:44.847" endtime="20230125 00:04:44.904"/>
</kw>
<kw name="Click Element" library="SeleniumLibrary">
<arg>//*[@id="identifierNext"]/div/button/span</arg>
<doc>Click the element identified by ``locator``.</doc>
<msg timestamp="20230125 00:04:44.904" level="INFO">Clicking element '//*[@id="identifierNext"]/div/button/span'.</msg>
<status status="PASS" starttime="20230125 00:04:44.904" endtime="20230125 00:04:44.978"/>
</kw>
<kw name="Wait Until Page Contains" library="SeleniumLibrary">
<arg>Connexion</arg>
<doc>Waits until ``text`` appears on the current page.</doc>
<status status="PASS" starttime="20230125 00:04:44.979" endtime="20230125 00:04:45.003"/>
</kw>
<status status="PASS" starttime="20230125 00:04:42.568" endtime="20230125 00:04:45.004"/>
</kw>
<status status="PASS" starttime="20230125 00:04:39.487" endtime="20230125 00:04:45.004"/>
</test>
<status status="PASS" starttime="20230125 00:04:39.076" endtime="20230125 00:04:45.009"/>
</suite>
<status status="PASS" starttime="20230125 00:04:39.072" endtime="20230125 00:04:45.014"/>
</suite>
<status status="PASS" starttime="20230125 00:04:39.068" endtime="20230125 00:04:45.018"/>
</suite>
<status status="PASS" starttime="20230125 00:04:39.031" endtime="20230125 00:04:45.021"/>
</suite>
<statistics>
<total>
<stat pass="1" fail="0" skip="0">All Tests</stat>
</total>
<tag>
</tag>
<suite>
<stat pass="1" fail="0" skip="0" id="s1" name="My Own Robot">My Own Robot</stat>
<stat pass="1" fail="0" skip="0" id="s1-s1" name="Projet robot 1">My Own Robot.Projet robot 1</stat>
<stat pass="1" fail="0" skip="0" id="s1-s1-s1" name="Tests">My Own Robot.Projet robot 1.Tests</stat>
<stat pass="1" fail="0" skip="0" id="s1-s1-s1-s1" name="Mail">My Own Robot.Projet robot 1.Tests.Mail</stat>
</suite>
</statistics>
<errors>
</errors>
</robot>
